{"/home/travis/build/npmtest/node-npmtest-url/test.js":{"path":"/home/travis/build/npmtest/node-npmtest-url/test.js","s":{"1":2,"2":2,"3":2,"4":2,"5":2,"6":2,"7":2,"8":1,"9":2,"10":2,"11":1,"12":1,"13":1,"14":1,"15":2,"16":2,"17":2,"18":2,"19":1,"20":1,"21":2,"22":2,"23":2,"24":1,"25":1,"26":1,"27":1,"28":1,"29":1,"30":1,"31":1,"32":1,"33":1,"34":1,"35":1,"36":1,"37":1,"38":1,"39":2,"40":2,"41":1,"42":2,"43":2,"44":1,"45":2,"46":2,"47":1,"48":2,"49":2,"50":1,"51":1,"52":1,"53":1,"54":1},"b":{"1":[2,1,1,1],"2":[1,1,1,1],"3":[1,1],"4":[1,1],"5":[1,1],"6":[1,1],"7":[1,1],"8":[1,1],"9":[1,1],"10":[1,1,1],"11":[1,1],"12":[1,1],"13":[1,1],"14":[1,1],"15":[1,1],"16":[1,1],"17":[1,1]},"f":{"1":2,"2":2,"3":2,"4":2,"5":2,"6":1,"7":1,"8":1,"9":2,"10":2,"11":2,"12":2,"13":1},"fnMap":{"1":{"name":"(anonymous_1)","line":12,"loc":{"start":{"line":12,"column":1},"end":{"line":12,"column":13}}},"2":{"name":"(anonymous_2)","line":19,"loc":{"start":{"line":19,"column":5},"end":{"line":19,"column":17}}},"3":{"name":"(anonymous_3)","line":23,"loc":{"start":{"line":23,"column":24},"end":{"line":23,"column":36}}},"4":{"name":"(anonymous_4)","line":61,"loc":{"start":{"line":61,"column":5},"end":{"line":61,"column":17}}},"5":{"name":"(anonymous_5)","line":82,"loc":{"start":{"line":82,"column":5},"end":{"line":82,"column":17}}},"6":{"name":"(anonymous_6)","line":91,"loc":{"start":{"line":91,"column":77},"end":{"line":94,"column":10}}},"7":{"name":"(anonymous_7)","line":112,"loc":{"start":{"line":112,"column":83},"end":{"line":115,"column":10}},"skip":true},"8":{"name":"(anonymous_8)","line":123,"loc":{"start":{"line":123,"column":77},"end":{"line":126,"column":10}},"skip":true},"9":{"name":"(anonymous_9)","line":139,"loc":{"start":{"line":139,"column":12},"end":{"line":139,"column":40}},"skip":true},"10":{"name":"(anonymous_10)","line":147,"loc":{"start":{"line":147,"column":77},"end":{"line":150,"column":10}},"skip":true},"11":{"name":"(anonymous_11)","line":158,"loc":{"start":{"line":158,"column":83},"end":{"line":161,"column":10}},"skip":true},"12":{"name":"(anonymous_12)","line":169,"loc":{"start":{"line":169,"column":79},"end":{"line":172,"column":10}},"skip":true},"13":{"name":"(anonymous_13)","line":180,"loc":{"start":{"line":180,"column":75},"end":{"line":183,"column":10}},"skip":true}},"statementMap":{"1":{"start":{"line":12,"column":0},"end":{"line":195,"column":5}},"2":{"start":{"line":14,"column":4},"end":{"line":14,"column":14}},"3":{"start":{"line":19,"column":4},"end":{"line":56,"column":9}},"4":{"start":{"line":21,"column":8},"end":{"line":21,"column":19}},"5":{"start":{"line":23,"column":8},"end":{"line":35,"column":13}},"6":{"start":{"line":24,"column":12},"end":{"line":34,"column":13}},"7":{"start":{"line":25,"column":16},"end":{"line":28,"column":30}},"8":{"start":{"line":30,"column":16},"end":{"line":33,"column":27}},"9":{"start":{"line":37,"column":8},"end":{"line":39,"column":21}},"10":{"start":{"line":40,"column":8},"end":{"line":53,"column":9}},"11":{"start":{"line":43,"column":12},"end":{"line":46,"column":14}},"12":{"start":{"line":47,"column":12},"end":{"line":47,"column":18}},"13":{"start":{"line":50,"column":12},"end":{"line":51,"column":33}},"14":{"start":{"line":52,"column":12},"end":{"line":52,"column":18}},"15":{"start":{"line":55,"column":8},"end":{"line":55,"column":35}},"16":{"start":{"line":61,"column":4},"end":{"line":63,"column":9}},"17":{"start":{"line":62,"column":8},"end":{"line":62,"column":15}},"18":{"start":{"line":64,"column":4},"end":{"line":77,"column":5}},"19":{"start":{"line":70,"column":8},"end":{"line":70,"column":14}},"20":{"start":{"line":76,"column":8},"end":{"line":76,"column":14}},"21":{"start":{"line":82,"column":4},"end":{"line":84,"column":9}},"22":{"start":{"line":83,"column":8},"end":{"line":83,"column":15}},"23":{"start":{"line":85,"column":4},"end":{"line":194,"column":5}},"24":{"start":{"line":91,"column":8},"end":{"line":99,"column":10}},"25":{"start":{"line":98,"column":12},"end":{"line":98,"column":35}},"26":{"start":{"line":102,"column":8},"end":{"line":104,"column":63}},"27":{"start":{"line":105,"column":8},"end":{"line":105,"column":14}},"28":{"start":{"line":112,"column":8},"end":{"line":121,"column":10},"skip":true},"29":{"start":{"line":119,"column":12},"end":{"line":119,"column":55},"skip":true},"30":{"start":{"line":120,"column":12},"end":{"line":120,"column":48},"skip":true},"31":{"start":{"line":123,"column":8},"end":{"line":136,"column":10},"skip":true},"32":{"start":{"line":130,"column":12},"end":{"line":130,"column":76},"skip":true},"33":{"start":{"line":131,"column":12},"end":{"line":131,"column":73},"skip":true},"34":{"start":{"line":132,"column":12},"end":{"line":132,"column":74},"skip":true},"35":{"start":{"line":133,"column":12},"end":{"line":133,"column":79},"skip":true},"36":{"start":{"line":134,"column":12},"end":{"line":134,"column":25},"skip":true},"37":{"start":{"line":135,"column":12},"end":{"line":135,"column":45},"skip":true},"38":{"start":{"line":138,"column":8},"end":{"line":145,"column":14},"skip":true},"39":{"start":{"line":143,"column":16},"end":{"line":143,"column":29},"skip":true},"40":{"start":{"line":144,"column":16},"end":{"line":144,"column":55},"skip":true},"41":{"start":{"line":147,"column":8},"end":{"line":156,"column":10},"skip":true},"42":{"start":{"line":154,"column":12},"end":{"line":154,"column":25},"skip":true},"43":{"start":{"line":155,"column":12},"end":{"line":155,"column":45},"skip":true},"44":{"start":{"line":158,"column":8},"end":{"line":167,"column":10},"skip":true},"45":{"start":{"line":165,"column":12},"end":{"line":165,"column":25},"skip":true},"46":{"start":{"line":166,"column":12},"end":{"line":166,"column":48},"skip":true},"47":{"start":{"line":169,"column":8},"end":{"line":178,"column":10},"skip":true},"48":{"start":{"line":176,"column":12},"end":{"line":176,"column":25},"skip":true},"49":{"start":{"line":177,"column":12},"end":{"line":177,"column":46},"skip":true},"50":{"start":{"line":180,"column":8},"end":{"line":189,"column":10},"skip":true},"51":{"start":{"line":187,"column":12},"end":{"line":187,"column":94},"skip":true},"52":{"start":{"line":188,"column":12},"end":{"line":188,"column":48},"skip":true},"53":{"start":{"line":192,"column":8},"end":{"line":192,"column":35},"skip":true},"54":{"start":{"line":193,"column":8},"end":{"line":193,"column":14},"skip":true}},"branchMap":{"1":{"line":25,"type":"binary-expr","locations":[{"start":{"line":25,"column":23},"end":{"line":25,"column":62}},{"start":{"line":26,"column":20},"end":{"line":26,"column":70}},{"start":{"line":27,"column":20},"end":{"line":27,"column":71}},{"start":{"line":28,"column":20},"end":{"line":28,"column":29}}]},"2":{"line":30,"type":"binary-expr","locations":[{"start":{"line":30,"column":23},"end":{"line":30,"column":37}},{"start":{"line":31,"column":20},"end":{"line":31,"column":61}},{"start":{"line":32,"column":20},"end":{"line":32,"column":70}},{"start":{"line":33,"column":20},"end":{"line":33,"column":26}}]},"3":{"line":37,"type":"cond-expr","locations":[{"start":{"line":38,"column":14},"end":{"line":38,"column":20}},{"start":{"line":39,"column":14},"end":{"line":39,"column":20}}]},"4":{"line":40,"type":"switch","locations":[{"start":{"line":42,"column":8},"end":{"line":47,"column":18}},{"start":{"line":49,"column":8},"end":{"line":52,"column":18}}]},"5":{"line":44,"type":"binary-expr","locations":[{"start":{"line":44,"column":16},"end":{"line":44,"column":44}},{"start":{"line":44,"column":48},"end":{"line":44,"column":66}}]},"6":{"line":50,"type":"binary-expr","locations":[{"start":{"line":50,"column":21},"end":{"line":50,"column":49}},{"start":{"line":50,"column":53},"end":{"line":50,"column":72}}]},"7":{"line":64,"type":"switch","locations":[{"start":{"line":69,"column":4},"end":{"line":70,"column":14}},{"start":{"line":75,"column":4},"end":{"line":76,"column":14}}]},"8":{"line":85,"type":"switch","locations":[{"start":{"line":90,"column":4},"end":{"line":105,"column":14}},{"start":{"line":111,"column":4},"end":{"line":193,"column":14},"skip":true}]},"9":{"line":91,"type":"binary-expr","locations":[{"start":{"line":91,"column":42},"end":{"line":91,"column":73}},{"start":{"line":91,"column":77},"end":{"line":99,"column":9}}]},"10":{"line":102,"type":"binary-expr","locations":[{"start":{"line":102,"column":18},"end":{"line":102,"column":32}},{"start":{"line":103,"column":12},"end":{"line":103,"column":53}},{"start":{"line":104,"column":12},"end":{"line":104,"column":61}}]},"11":{"line":112,"type":"binary-expr","locations":[{"start":{"line":112,"column":45},"end":{"line":112,"column":79},"skip":true},{"start":{"line":112,"column":83},"end":{"line":121,"column":9},"skip":true}]},"12":{"line":123,"type":"binary-expr","locations":[{"start":{"line":123,"column":42},"end":{"line":123,"column":73},"skip":true},{"start":{"line":123,"column":77},"end":{"line":136,"column":9},"skip":true}]},"13":{"line":138,"type":"binary-expr","locations":[{"start":{"line":138,"column":48},"end":{"line":138,"column":85},"skip":true},{"start":{"line":139,"column":12},"end":{"line":145,"column":13},"skip":true}]},"14":{"line":147,"type":"binary-expr","locations":[{"start":{"line":147,"column":42},"end":{"line":147,"column":73},"skip":true},{"start":{"line":147,"column":77},"end":{"line":156,"column":9},"skip":true}]},"15":{"line":158,"type":"binary-expr","locations":[{"start":{"line":158,"column":45},"end":{"line":158,"column":79},"skip":true},{"start":{"line":158,"column":83},"end":{"line":167,"column":9},"skip":true}]},"16":{"line":169,"type":"binary-expr","locations":[{"start":{"line":169,"column":43},"end":{"line":169,"column":75},"skip":true},{"start":{"line":169,"column":79},"end":{"line":178,"column":9},"skip":true}]},"17":{"line":180,"type":"binary-expr","locations":[{"start":{"line":180,"column":41},"end":{"line":180,"column":71},"skip":true},{"start":{"line":180,"column":75},"end":{"line":189,"column":9},"skip":true}]}},"code":["/* istanbul instrument in package npmtest_url */","/*jslint","    bitwise: true,","    browser: true,","    maxerr: 8,","    maxlen: 96,","    node: true,","    nomen: true,","    regexp: true,","    stupid: true","*/","(function () {","    'use strict';","    var local;","","","","    // run shared js-env code - pre-init","    (function () {","        // init local","        local = {};","        // init modeJs","        local.modeJs = (function () {","            try {","                return typeof navigator.userAgent === 'string' &&","                    typeof document.querySelector('body') === 'object' &&","                    typeof XMLHttpRequest.prototype.open === 'function' &&","                    'browser';","            } catch (errorCaughtBrowser) {","                return module.exports &&","                    typeof process.versions.node === 'string' &&","                    typeof require('http').createServer === 'function' &&","                    'node';","            }","        }());","        // init global","        local.global = local.modeJs === 'browser'","            ? window","            : global;","        switch (local.modeJs) {","        // re-init local from window.local","        case 'browser':","            local = local.global.utility2.objectSetDefault(","                local.global.utility2_rollup || local.global.local,","                local.global.utility2","            );","            break;","        // re-init local from example.js","        case 'node':","            local = (local.global.utility2_rollup || require('utility2'))","                .requireReadme();","            break;","        }","        // export local","        local.global.local = local;","    }());","","","","    // run shared js-env code - function","    (function () {","        return;","    }());","    switch (local.modeJs) {","","","","    // run browser js-env code - function","    case 'browser':","        break;","","","","    // run node js-env code - function","    case 'node':","        break;","    }","","","","    // run shared js-env code - post-init","    (function () {","        return;","    }());","    switch (local.modeJs) {","","","","    // run browser js-env code - post-init","    case 'browser':","        local.testCase_browser_nullCase = local.testCase_browser_nullCase || function (","            options,","            onError","        ) {","        /*","         * this function will test browsers's null-case handling-behavior-behavior","         */","            onError(null, options);","        };","","        // run tests","        local.nop(local.modeTest &&","            document.querySelector('#testRunButton1') &&","            document.querySelector('#testRunButton1').click());","        break;","","","","    // run node js-env code - post-init","    /* istanbul ignore next */","    case 'node':","        local.testCase_buildApidoc_default = local.testCase_buildApidoc_default || function (","            options,","            onError","        ) {","        /*","         * this function will test buildApidoc's default handling-behavior-behavior","         */","            options = { modulePathList: module.paths };","            local.buildApidoc(options, onError);","        };","","        local.testCase_buildApp_default = local.testCase_buildApp_default || function (","            options,","            onError","        ) {","        /*","         * this function will test buildApp's default handling-behavior-behavior","         */","            local.testCase_buildReadme_default(options, local.onErrorThrow);","            local.testCase_buildLib_default(options, local.onErrorThrow);","            local.testCase_buildTest_default(options, local.onErrorThrow);","            local.testCase_buildCustomOrg_default(options, local.onErrorThrow);","            options = [];","            local.buildApp(options, onError);","        };","","        local.testCase_buildCustomOrg_default = local.testCase_buildCustomOrg_default ||","            function (options, onError) {","            /*","             * this function will test buildCustomOrg's default handling-behavior","             */","                options = {};","                local.buildCustomOrg(options, onError);","            };","","        local.testCase_buildLib_default = local.testCase_buildLib_default || function (","            options,","            onError","        ) {","        /*","         * this function will test buildLib's default handling-behavior","         */","            options = {};","            local.buildLib(options, onError);","        };","","        local.testCase_buildReadme_default = local.testCase_buildReadme_default || function (","            options,","            onError","        ) {","        /*","         * this function will test buildReadme's default handling-behavior-behavior","         */","            options = {};","            local.buildReadme(options, onError);","        };","","        local.testCase_buildTest_default = local.testCase_buildTest_default || function (","            options,","            onError","        ) {","        /*","         * this function will test buildTest's default handling-behavior","         */","            options = {};","            local.buildTest(options, onError);","        };","","        local.testCase_webpage_default = local.testCase_webpage_default || function (","            options,","            onError","        ) {","        /*","         * this function will test webpage's default handling-behavior","         */","            options = { modeCoverageMerge: true, url: local.serverLocalHost + '?modeTest=1' };","            local.browserTest(options, onError);","        };","","        // run test-server","        local.testRunServer(local);","        break;","    }","}());",""],"l":{"12":2,"14":2,"19":2,"21":2,"23":2,"24":2,"25":2,"30":1,"37":2,"40":2,"43":1,"47":1,"50":1,"52":1,"55":2,"61":2,"62":2,"64":2,"70":1,"76":1,"82":2,"83":2,"85":2,"91":1,"98":1,"102":1,"105":1,"112":1,"119":1,"120":1,"123":1,"130":1,"131":1,"132":1,"133":1,"134":1,"135":1,"138":1,"143":2,"144":2,"147":1,"154":2,"155":2,"158":1,"165":2,"166":2,"169":1,"176":2,"177":2,"180":1,"187":1,"188":1,"192":1,"193":1}},"/home/travis/build/npmtest/node-npmtest-url/lib.npmtest_url.js":{"path":"/home/travis/build/npmtest/node-npmtest-url/lib.npmtest_url.js","s":{"1":2,"2":2,"3":2,"4":2,"5":2,"6":2,"7":2,"8":1,"9":2,"10":2,"11":2,"12":2,"13":1,"14":1,"15":1,"16":1},"b":{"1":[2,1,1,1],"2":[1,1,1,1],"3":[1,1],"4":[2,2],"5":[1,1]},"f":{"1":2,"2":2,"3":2},"fnMap":{"1":{"name":"(anonymous_1)","line":12,"loc":{"start":{"line":12,"column":1},"end":{"line":12,"column":13}}},"2":{"name":"(anonymous_2)","line":19,"loc":{"start":{"line":19,"column":5},"end":{"line":19,"column":17}}},"3":{"name":"(anonymous_3)","line":23,"loc":{"start":{"line":23,"column":24},"end":{"line":23,"column":36}}}},"statementMap":{"1":{"start":{"line":12,"column":0},"end":{"line":53,"column":5}},"2":{"start":{"line":14,"column":4},"end":{"line":14,"column":14}},"3":{"start":{"line":19,"column":4},"end":{"line":52,"column":9}},"4":{"start":{"line":21,"column":8},"end":{"line":21,"column":19}},"5":{"start":{"line":23,"column":8},"end":{"line":35,"column":13}},"6":{"start":{"line":24,"column":12},"end":{"line":34,"column":13}},"7":{"start":{"line":25,"column":16},"end":{"line":28,"column":30}},"8":{"start":{"line":30,"column":16},"end":{"line":33,"column":27}},"9":{"start":{"line":37,"column":8},"end":{"line":39,"column":21}},"10":{"start":{"line":41,"column":8},"end":{"line":41,"column":54}},"11":{"start":{"line":43,"column":8},"end":{"line":43,"column":48}},"12":{"start":{"line":45,"column":8},"end":{"line":51,"column":9}},"13":{"start":{"line":46,"column":12},"end":{"line":46,"column":54}},"14":{"start":{"line":48,"column":12},"end":{"line":48,"column":35}},"15":{"start":{"line":49,"column":12},"end":{"line":49,"column":49}},"16":{"start":{"line":50,"column":12},"end":{"line":50,"column":43}}},"branchMap":{"1":{"line":25,"type":"binary-expr","locations":[{"start":{"line":25,"column":23},"end":{"line":25,"column":62}},{"start":{"line":26,"column":20},"end":{"line":26,"column":70}},{"start":{"line":27,"column":20},"end":{"line":27,"column":71}},{"start":{"line":28,"column":20},"end":{"line":28,"column":29}}]},"2":{"line":30,"type":"binary-expr","locations":[{"start":{"line":30,"column":23},"end":{"line":30,"column":37}},{"start":{"line":31,"column":20},"end":{"line":31,"column":61}},{"start":{"line":32,"column":20},"end":{"line":32,"column":70}},{"start":{"line":33,"column":20},"end":{"line":33,"column":26}}]},"3":{"line":37,"type":"cond-expr","locations":[{"start":{"line":38,"column":14},"end":{"line":38,"column":20}},{"start":{"line":39,"column":14},"end":{"line":39,"column":20}}]},"4":{"line":41,"type":"binary-expr","locations":[{"start":{"line":41,"column":16},"end":{"line":41,"column":44}},{"start":{"line":41,"column":48},"end":{"line":41,"column":53}}]},"5":{"line":45,"type":"if","locations":[{"start":{"line":45,"column":8},"end":{"line":45,"column":8}},{"start":{"line":45,"column":8},"end":{"line":45,"column":8}}]}},"code":["/* istanbul instrument in package npmtest_url */","/*jslint","    bitwise: true,","    browser: true,","    maxerr: 8,","    maxlen: 96,","    node: true,","    nomen: true,","    regexp: true,","    stupid: true","*/","(function () {","    'use strict';","    var local;","","","","    // run shared js-env code - pre-init","    (function () {","        // init local","        local = {};","        // init modeJs","        local.modeJs = (function () {","            try {","                return typeof navigator.userAgent === 'string' &&","                    typeof document.querySelector('body') === 'object' &&","                    typeof XMLHttpRequest.prototype.open === 'function' &&","                    'browser';","            } catch (errorCaughtBrowser) {","                return module.exports &&","                    typeof process.versions.node === 'string' &&","                    typeof require('http').createServer === 'function' &&","                    'node';","            }","        }());","        // init global","        local.global = local.modeJs === 'browser'","            ? window","            : global;","        // init utility2_rollup","        local = local.global.utility2_rollup || local;","        // init lib","        local.local = local.npmtest_url = local;","        // init exports","        if (local.modeJs === 'browser') {","            local.global.utility2_npmtest_url = local;","        } else {","            module.exports = local;","            module.exports.__dirname = __dirname;","            module.exports.module = module;","        }","    }());","}());",""],"l":{"12":2,"14":2,"19":2,"21":2,"23":2,"24":2,"25":2,"30":1,"37":2,"41":2,"43":2,"45":2,"46":1,"48":1,"49":1,"50":1}},"/home/travis/build/npmtest/node-npmtest-url/example.js":{"path":"/home/travis/build/npmtest/node-npmtest-url/example.js","s":{"1":2,"2":2,"3":2,"4":2,"5":2,"6":2,"7":2,"8":1,"9":2,"10":2,"11":2,"12":2,"13":1,"14":2,"15":2,"16":2,"17":2,"18":2,"19":0,"20":2,"21":1,"22":1,"23":1,"24":1,"25":1,"26":0,"27":0,"28":1,"29":1,"30":2,"31":0,"32":0,"33":0,"34":1,"35":2,"36":2,"37":3,"38":3,"39":3,"40":3,"41":0,"42":3,"43":3,"44":3,"45":1,"46":3,"47":1,"48":1,"49":1,"50":1,"51":1,"52":1,"53":1,"54":1,"55":1,"56":1,"57":0,"58":1,"59":6,"60":6,"61":1,"62":2,"63":0,"64":2,"65":1,"66":1,"67":0,"68":0,"69":0,"70":0,"71":0,"72":0,"73":0,"74":0,"75":0,"76":0,"77":0,"78":0,"79":0,"80":0,"81":0,"82":0,"83":0},"b":{"1":[2,1,1,1],"2":[1,1,1,1],"3":[1,1],"4":[2,2],"5":[1,1],"6":[1,1],"7":[2,0],"8":[2,1,1,1,1,1],"9":[0,2,0],"10":[1,1],"11":[2,1,1],"12":[1,0],"13":[0,2],"14":[2,0,0,0,0,0,0],"15":[0,3],"16":[3,0],"17":[1,1],"18":[0,1],"19":[1,2,0,2],"20":[1,0],"21":[1,1],"22":[0,0],"23":[0,0],"24":[0,0],"25":[0,0],"26":[0,0],"27":[0,0],"28":[0,0]},"f":{"1":2,"2":2,"3":2,"4":2,"5":2,"6":2,"7":3,"8":3,"9":3,"10":1,"11":6,"12":0},"fnMap":{"1":{"name":"(anonymous_1)","line":26,"loc":{"start":{"line":26,"column":1},"end":{"line":26,"column":13}}},"2":{"name":"(anonymous_2)","line":33,"loc":{"start":{"line":33,"column":5},"end":{"line":33,"column":17}}},"3":{"name":"(anonymous_3)","line":37,"loc":{"start":{"line":37,"column":24},"end":{"line":37,"column":36}}},"4":{"name":"(anonymous_4)","line":69,"loc":{"start":{"line":69,"column":31},"end":{"line":69,"column":48}},"skip":true},"5":{"name":"(anonymous_5)","line":78,"loc":{"start":{"line":78,"column":26},"end":{"line":78,"column":45}},"skip":true},"6":{"name":"(anonymous_6)","line":123,"loc":{"start":{"line":123,"column":33},"end":{"line":123,"column":48}},"skip":true},"7":{"name":"(anonymous_7)","line":125,"loc":{"start":{"line":125,"column":27},"end":{"line":125,"column":39}},"skip":true},"8":{"name":"(anonymous_8)","line":133,"loc":{"start":{"line":133,"column":59},"end":{"line":133,"column":74}},"skip":true},"9":{"name":"(anonymous_9)","line":143,"loc":{"start":{"line":143,"column":45},"end":{"line":143,"column":62}},"skip":true},"10":{"name":"(anonymous_10)","line":144,"loc":{"start":{"line":144,"column":73},"end":{"line":144,"column":92}},"skip":true},"11":{"name":"(anonymous_11)","line":272,"loc":{"start":{"line":272,"column":51},"end":{"line":272,"column":77}},"skip":true},"12":{"name":"(anonymous_12)","line":315,"loc":{"start":{"line":315,"column":32},"end":{"line":315,"column":61}},"skip":true}},"statementMap":{"1":{"start":{"line":26,"column":0},"end":{"line":326,"column":5}},"2":{"start":{"line":28,"column":4},"end":{"line":28,"column":14}},"3":{"start":{"line":33,"column":4},"end":{"line":60,"column":9}},"4":{"start":{"line":35,"column":8},"end":{"line":35,"column":19}},"5":{"start":{"line":37,"column":8},"end":{"line":49,"column":13}},"6":{"start":{"line":38,"column":12},"end":{"line":48,"column":13}},"7":{"start":{"line":39,"column":16},"end":{"line":42,"column":30}},"8":{"start":{"line":44,"column":16},"end":{"line":47,"column":27}},"9":{"start":{"line":51,"column":8},"end":{"line":53,"column":21}},"10":{"start":{"line":55,"column":8},"end":{"line":57,"column":45}},"11":{"start":{"line":59,"column":8},"end":{"line":59,"column":35}},"12":{"start":{"line":61,"column":4},"end":{"line":325,"column":5}},"13":{"start":{"line":69,"column":8},"end":{"line":121,"column":10},"skip":true},"14":{"start":{"line":70,"column":12},"end":{"line":88,"column":13},"skip":true},"15":{"start":{"line":76,"column":16},"end":{"line":87,"column":19},"skip":true},"16":{"start":{"line":79,"column":20},"end":{"line":86,"column":21},"skip":true},"17":{"start":{"line":82,"column":24},"end":{"line":82,"column":43},"skip":true},"18":{"start":{"line":83,"column":24},"end":{"line":83,"column":30},"skip":true},"19":{"start":{"line":85,"column":24},"end":{"line":85,"column":49},"skip":true},"20":{"start":{"line":89,"column":12},"end":{"line":107,"column":13},"skip":true},"21":{"start":{"line":92,"column":16},"end":{"line":102,"column":17},"skip":true},"22":{"start":{"line":93,"column":20},"end":{"line":93,"column":86},"skip":true},"23":{"start":{"line":94,"column":20},"end":{"line":95,"column":45},"skip":true},"24":{"start":{"line":96,"column":20},"end":{"line":96,"column":42},"skip":true},"25":{"start":{"line":97,"column":20},"end":{"line":97,"column":48},"skip":true},"26":{"start":{"line":100,"column":20},"end":{"line":100,"column":85},"skip":true},"27":{"start":{"line":101,"column":20},"end":{"line":101,"column":96},"skip":true},"28":{"start":{"line":103,"column":16},"end":{"line":103,"column":22},"skip":true},"29":{"start":{"line":106,"column":16},"end":{"line":106,"column":22},"skip":true},"30":{"start":{"line":108,"column":12},"end":{"line":120,"column":13},"skip":true},"31":{"start":{"line":114,"column":16},"end":{"line":119,"column":17},"skip":true},"32":{"start":{"line":116,"column":20},"end":{"line":116,"column":78},"skip":true},"33":{"start":{"line":118,"column":20},"end":{"line":118,"column":47},"skip":true},"34":{"start":{"line":123,"column":8},"end":{"line":141,"column":11},"skip":true},"35":{"start":{"line":124,"column":12},"end":{"line":124,"column":54},"skip":true},"36":{"start":{"line":125,"column":12},"end":{"line":140,"column":14},"skip":true},"37":{"start":{"line":126,"column":16},"end":{"line":126,"column":28},"skip":true},"38":{"start":{"line":127,"column":16},"end":{"line":127,"column":69},"skip":true},"39":{"start":{"line":128,"column":16},"end":{"line":128,"column":75},"skip":true},"40":{"start":{"line":129,"column":16},"end":{"line":131,"column":17},"skip":true},"41":{"start":{"line":130,"column":20},"end":{"line":130,"column":27},"skip":true},"42":{"start":{"line":133,"column":16},"end":{"line":137,"column":36},"skip":true},"43":{"start":{"line":134,"column":20},"end":{"line":136,"column":55},"skip":true},"44":{"start":{"line":139,"column":16},"end":{"line":139,"column":57},"skip":true},"45":{"start":{"line":143,"column":8},"end":{"line":147,"column":11},"skip":true},"46":{"start":{"line":144,"column":12},"end":{"line":146,"column":15},"skip":true},"47":{"start":{"line":145,"column":16},"end":{"line":145,"column":70},"skip":true},"48":{"start":{"line":149,"column":8},"end":{"line":149,"column":31},"skip":true},"49":{"start":{"line":150,"column":8},"end":{"line":150,"column":14},"skip":true},"50":{"start":{"line":158,"column":8},"end":{"line":158,"column":31},"skip":true},"51":{"start":{"line":160,"column":8},"end":{"line":160,"column":33},"skip":true},"52":{"start":{"line":161,"column":8},"end":{"line":161,"column":37},"skip":true},"53":{"start":{"line":162,"column":8},"end":{"line":162,"column":35},"skip":true},"54":{"start":{"line":164,"column":8},"end":{"line":164,"column":50},"skip":true},"55":{"start":{"line":166,"column":8},"end":{"line":256,"column":2},"skip":true},"56":{"start":{"line":258,"column":8},"end":{"line":286,"column":9},"skip":true},"57":{"start":{"line":259,"column":12},"end":{"line":269,"column":14},"skip":true},"58":{"start":{"line":271,"column":12},"end":{"line":285,"column":19},"skip":true},"59":{"start":{"line":274,"column":20},"end":{"line":274,"column":35},"skip":true},"60":{"start":{"line":275,"column":20},"end":{"line":284,"column":21},"skip":true},"61":{"start":{"line":277,"column":24},"end":{"line":277,"column":64},"skip":true},"62":{"start":{"line":279,"column":24},"end":{"line":279,"column":40},"skip":true},"63":{"start":{"line":281,"column":24},"end":{"line":281,"column":40},"skip":true},"64":{"start":{"line":283,"column":24},"end":{"line":283,"column":39},"skip":true},"65":{"start":{"line":288,"column":8},"end":{"line":290,"column":9},"skip":true},"66":{"start":{"line":289,"column":12},"end":{"line":289,"column":18},"skip":true},"67":{"start":{"line":291,"column":8},"end":{"line":293,"column":54},"skip":true},"68":{"start":{"line":296,"column":8},"end":{"line":301,"column":37},"skip":true},"69":{"start":{"line":303,"column":8},"end":{"line":303,"column":82},"skip":true},"70":{"start":{"line":306,"column":8},"end":{"line":308,"column":9},"skip":true},"71":{"start":{"line":307,"column":12},"end":{"line":307,"column":82},"skip":true},"72":{"start":{"line":310,"column":8},"end":{"line":312,"column":9},"skip":true},"73":{"start":{"line":311,"column":12},"end":{"line":311,"column":18},"skip":true},"74":{"start":{"line":313,"column":8},"end":{"line":313,"column":54},"skip":true},"75":{"start":{"line":314,"column":8},"end":{"line":314,"column":69},"skip":true},"76":{"start":{"line":315,"column":8},"end":{"line":323,"column":36},"skip":true},"77":{"start":{"line":316,"column":12},"end":{"line":316,"column":61},"skip":true},"78":{"start":{"line":317,"column":12},"end":{"line":320,"column":13},"skip":true},"79":{"start":{"line":318,"column":16},"end":{"line":318,"column":75},"skip":true},"80":{"start":{"line":319,"column":16},"end":{"line":319,"column":23},"skip":true},"81":{"start":{"line":321,"column":12},"end":{"line":321,"column":38},"skip":true},"82":{"start":{"line":322,"column":12},"end":{"line":322,"column":27},"skip":true},"83":{"start":{"line":324,"column":8},"end":{"line":324,"column":14},"skip":true}},"branchMap":{"1":{"line":39,"type":"binary-expr","locations":[{"start":{"line":39,"column":23},"end":{"line":39,"column":62}},{"start":{"line":40,"column":20},"end":{"line":40,"column":70}},{"start":{"line":41,"column":20},"end":{"line":41,"column":71}},{"start":{"line":42,"column":20},"end":{"line":42,"column":29}}]},"2":{"line":44,"type":"binary-expr","locations":[{"start":{"line":44,"column":23},"end":{"line":44,"column":37}},{"start":{"line":45,"column":20},"end":{"line":45,"column":61}},{"start":{"line":46,"column":20},"end":{"line":46,"column":70}},{"start":{"line":47,"column":20},"end":{"line":47,"column":26}}]},"3":{"line":51,"type":"cond-expr","locations":[{"start":{"line":52,"column":14},"end":{"line":52,"column":20}},{"start":{"line":53,"column":14},"end":{"line":53,"column":20}}]},"4":{"line":55,"type":"binary-expr","locations":[{"start":{"line":55,"column":16},"end":{"line":55,"column":44}},{"start":{"line":55,"column":49},"end":{"line":57,"column":43}}]},"5":{"line":55,"type":"cond-expr","locations":[{"start":{"line":56,"column":14},"end":{"line":56,"column":47}},{"start":{"line":57,"column":14},"end":{"line":57,"column":43}}]},"6":{"line":61,"type":"switch","locations":[{"start":{"line":68,"column":4},"end":{"line":150,"column":14},"skip":true},{"start":{"line":156,"column":4},"end":{"line":324,"column":14},"skip":true}]},"7":{"line":70,"type":"if","locations":[{"start":{"line":70,"column":12},"end":{"line":70,"column":12},"skip":true},{"start":{"line":70,"column":12},"end":{"line":70,"column":12},"skip":true}]},"8":{"line":70,"type":"binary-expr","locations":[{"start":{"line":70,"column":16},"end":{"line":70,"column":22},"skip":true},{"start":{"line":70,"column":27},"end":{"line":70,"column":32},"skip":true},{"start":{"line":71,"column":20},"end":{"line":71,"column":39},"skip":true},{"start":{"line":72,"column":20},"end":{"line":72,"column":49},"skip":true},{"start":{"line":73,"column":20},"end":{"line":73,"column":58},"skip":true},{"start":{"line":74,"column":20},"end":{"line":74,"column":69},"skip":true}]},"9":{"line":79,"type":"switch","locations":[{"start":{"line":80,"column":20},"end":{"line":80,"column":33},"skip":true},{"start":{"line":81,"column":20},"end":{"line":83,"column":30},"skip":true},{"start":{"line":84,"column":20},"end":{"line":85,"column":49},"skip":true}]},"10":{"line":89,"type":"switch","locations":[{"start":{"line":90,"column":12},"end":{"line":103,"column":22},"skip":true},{"start":{"line":105,"column":12},"end":{"line":106,"column":22},"skip":true}]},"11":{"line":89,"type":"binary-expr","locations":[{"start":{"line":89,"column":20},"end":{"line":89,"column":25},"skip":true},{"start":{"line":89,"column":29},"end":{"line":89,"column":48},"skip":true},{"start":{"line":89,"column":52},"end":{"line":89,"column":74},"skip":true}]},"12":{"line":92,"type":"if","locations":[{"start":{"line":92,"column":16},"end":{"line":92,"column":16},"skip":true},{"start":{"line":92,"column":16},"end":{"line":92,"column":16},"skip":true}]},"13":{"line":108,"type":"if","locations":[{"start":{"line":108,"column":12},"end":{"line":108,"column":12},"skip":true},{"start":{"line":108,"column":12},"end":{"line":108,"column":12},"skip":true}]},"14":{"line":108,"type":"binary-expr","locations":[{"start":{"line":108,"column":16},"end":{"line":108,"column":61},"skip":true},{"start":{"line":108,"column":66},"end":{"line":108,"column":72},"skip":true},{"start":{"line":108,"column":77},"end":{"line":108,"column":82},"skip":true},{"start":{"line":109,"column":20},"end":{"line":109,"column":39},"skip":true},{"start":{"line":110,"column":20},"end":{"line":110,"column":49},"skip":true},{"start":{"line":111,"column":20},"end":{"line":111,"column":58},"skip":true},{"start":{"line":112,"column":20},"end":{"line":112,"column":68},"skip":true}]},"15":{"line":129,"type":"if","locations":[{"start":{"line":129,"column":16},"end":{"line":129,"column":16},"skip":true},{"start":{"line":129,"column":16},"end":{"line":129,"column":16},"skip":true}]},"16":{"line":134,"type":"cond-expr","locations":[{"start":{"line":135,"column":26},"end":{"line":135,"column":29},"skip":true},{"start":{"line":136,"column":26},"end":{"line":136,"column":54},"skip":true}]},"17":{"line":164,"type":"binary-expr","locations":[{"start":{"line":164,"column":27},"end":{"line":164,"column":43},"skip":true},{"start":{"line":164,"column":47},"end":{"line":164,"column":49},"skip":true}]},"18":{"line":258,"type":"if","locations":[{"start":{"line":258,"column":8},"end":{"line":258,"column":8},"skip":true},{"start":{"line":258,"column":8},"end":{"line":258,"column":8},"skip":true}]},"19":{"line":275,"type":"switch","locations":[{"start":{"line":276,"column":20},"end":{"line":277,"column":64},"skip":true},{"start":{"line":278,"column":20},"end":{"line":279,"column":40},"skip":true},{"start":{"line":280,"column":20},"end":{"line":281,"column":40},"skip":true},{"start":{"line":282,"column":20},"end":{"line":283,"column":39},"skip":true}]},"20":{"line":288,"type":"if","locations":[{"start":{"line":288,"column":8},"end":{"line":288,"column":8},"skip":true},{"start":{"line":288,"column":8},"end":{"line":288,"column":8},"skip":true}]},"21":{"line":288,"type":"binary-expr","locations":[{"start":{"line":288,"column":12},"end":{"line":288,"column":40},"skip":true},{"start":{"line":288,"column":44},"end":{"line":288,"column":67},"skip":true}]},"22":{"line":292,"type":"binary-expr","locations":[{"start":{"line":292,"column":12},"end":{"line":292,"column":50},"skip":true},{"start":{"line":293,"column":12},"end":{"line":293,"column":53},"skip":true}]},"23":{"line":297,"type":"binary-expr","locations":[{"start":{"line":297,"column":12},"end":{"line":297,"column":61},"skip":true},{"start":{"line":298,"column":12},"end":{"line":301,"column":36},"skip":true}]},"24":{"line":303,"type":"binary-expr","locations":[{"start":{"line":303,"column":43},"end":{"line":303,"column":75},"skip":true},{"start":{"line":303,"column":79},"end":{"line":303,"column":81},"skip":true}]},"25":{"line":306,"type":"if","locations":[{"start":{"line":306,"column":8},"end":{"line":306,"column":8},"skip":true},{"start":{"line":306,"column":8},"end":{"line":306,"column":8},"skip":true}]},"26":{"line":310,"type":"if","locations":[{"start":{"line":310,"column":8},"end":{"line":310,"column":8},"skip":true},{"start":{"line":310,"column":8},"end":{"line":310,"column":8},"skip":true}]},"27":{"line":313,"type":"binary-expr","locations":[{"start":{"line":313,"column":27},"end":{"line":313,"column":43},"skip":true},{"start":{"line":313,"column":47},"end":{"line":313,"column":53},"skip":true}]},"28":{"line":317,"type":"if","locations":[{"start":{"line":317,"column":12},"end":{"line":317,"column":12},"skip":true},{"start":{"line":317,"column":12},"end":{"line":317,"column":12},"skip":true}]}},"code":["/*","example.js","","quickstart example","","instruction","    1. save this script as example.js","    2. run the shell command:","        $ npm install npmtest-url && PORT=8081 node example.js","    3. play with the browser-demo on http://127.0.0.1:8081","*/","","","","/* istanbul instrument in package npmtest_url */","/*jslint","    bitwise: true,","    browser: true,","    maxerr: 8,","    maxlen: 96,","    node: true,","    nomen: true,","    regexp: true,","    stupid: true","*/","(function () {","    'use strict';","    var local;","","","","    // run shared js-env code - pre-init","    (function () {","        // init local","        local = {};","        // init modeJs","        local.modeJs = (function () {","            try {","                return typeof navigator.userAgent === 'string' &&","                    typeof document.querySelector('body') === 'object' &&","                    typeof XMLHttpRequest.prototype.open === 'function' &&","                    'browser';","            } catch (errorCaughtBrowser) {","                return module.exports &&","                    typeof process.versions.node === 'string' &&","                    typeof require('http').createServer === 'function' &&","                    'node';","            }","        }());","        // init global","        local.global = local.modeJs === 'browser'","            ? window","            : global;","        // init utility2_rollup","        local = local.global.utility2_rollup || (local.modeJs === 'browser'","            ? local.global.utility2_npmtest_url","            : global.utility2_moduleExports);","        // export local","        local.global.local = local;","    }());","    switch (local.modeJs) {","","","","    // post-init","    // run browser js-env code - post-init","    /* istanbul ignore next */","    case 'browser':","        local.testRunBrowser = function (event) {","            if (!event || (event &&","                    event.currentTarget &&","                    event.currentTarget.className &&","                    event.currentTarget.className.includes &&","                    event.currentTarget.className.includes('onreset'))) {","                // reset output","                Array.from(","                    document.querySelectorAll('body > .resettable')","                ).forEach(function (element) {","                    switch (element.tagName) {","                    case 'INPUT':","                    case 'TEXTAREA':","                        element.value = '';","                        break;","                    default:","                        element.textContent = '';","                    }","                });","            }","            switch (event && event.currentTarget && event.currentTarget.id) {","            case 'testRunButton1':","                // show tests","                if (document.querySelector('#testReportDiv1').style.display === 'none') {","                    document.querySelector('#testReportDiv1').style.display = 'block';","                    document.querySelector('#testRunButton1').textContent =","                        'hide internal test';","                    local.modeTest = true;","                    local.testRunDefault(local);","                // hide tests","                } else {","                    document.querySelector('#testReportDiv1').style.display = 'none';","                    document.querySelector('#testRunButton1').textContent = 'run internal test';","                }","                break;","            // custom-case","            default:","                break;","            }","            if (document.querySelector('#inputTextareaEval1') && (!event || (event &&","                    event.currentTarget &&","                    event.currentTarget.className &&","                    event.currentTarget.className.includes &&","                    event.currentTarget.className.includes('oneval')))) {","                // try to eval input-code","                try {","                    /*jslint evil: true*/","                    eval(document.querySelector('#inputTextareaEval1').value);","                } catch (errorCaught) {","                    console.error(errorCaught);","                }","            }","        };","        // log stderr and stdout to #outputTextareaStdout1","        ['error', 'log'].forEach(function (key) {","            console[key + '_original'] = console[key];","            console[key] = function () {","                var element;","                console[key + '_original'].apply(console, arguments);","                element = document.querySelector('#outputTextareaStdout1');","                if (!element) {","                    return;","                }","                // append text to #outputTextareaStdout1","                element.value += Array.from(arguments).map(function (arg) {","                    return typeof arg === 'string'","                        ? arg","                        : JSON.stringify(arg, null, 4);","                }).join(' ') + '\\n';","                // scroll textarea to bottom","                element.scrollTop = element.scrollHeight;","            };","        });","        // init event-handling","        ['change', 'click', 'keyup'].forEach(function (event) {","            Array.from(document.querySelectorAll('.on' + event)).forEach(function (element) {","                element.addEventListener(event, local.testRunBrowser);","            });","        });","        // run tests","        local.testRunBrowser();","        break;","","","","    // run node js-env code - post-init","    /* istanbul ignore next */","    case 'node':","        // export local","        module.exports = local;","        // require modules","        local.fs = require('fs');","        local.http = require('http');","        local.url = require('url');","        // init assets","        local.assetsDict = local.assetsDict || {};","        /* jslint-ignore-begin */","        local.assetsDict['/assets.index.template.html'] = '\\","<!doctype html>\\n\\","<html lang=\"en\">\\n\\","<head>\\n\\","<meta charset=\"UTF-8\">\\n\\","<meta name=\"viewport\" content=\"width=device-width, initial-scale=1\">\\n\\","<title>{{env.npm_package_name}} (v{{env.npm_package_version}})</title>\\n\\","<style>\\n\\","/*csslint\\n\\","    box-sizing: false,\\n\\","    universal-selector: false\\n\\","*/\\n\\","* {\\n\\","    box-sizing: border-box;\\n\\","}\\n\\","body {\\n\\","    background: #dde;\\n\\","    font-family: Arial, Helvetica, sans-serif;\\n\\","    margin: 2rem;\\n\\","}\\n\\","body > * {\\n\\","    margin-bottom: 1rem;\\n\\","}\\n\\",".utility2FooterDiv {\\n\\","    margin-top: 20px;\\n\\","    text-align: center;\\n\\","}\\n\\","</style>\\n\\","<style>\\n\\","/*csslint\\n\\","*/\\n\\","textarea {\\n\\","    font-family: monospace;\\n\\","    height: 10rem;\\n\\","    width: 100%;\\n\\","}\\n\\","textarea[readonly] {\\n\\","    background: #ddd;\\n\\","}\\n\\","</style>\\n\\","</head>\\n\\","<body>\\n\\","<!-- utility2-comment\\n\\","<div id=\"ajaxProgressDiv1\" style=\"background: #d00; height: 2px; left: 0; margin: 0; padding: 0; position: fixed; top: 0; transition: background 0.5s, width 1.5s; width: 25%;\"></div>\\n\\","utility2-comment -->\\n\\","<h1>\\n\\","<!-- utility2-comment\\n\\","    <a\\n\\","        {{#if env.npm_package_homepage}}\\n\\","        href=\"{{env.npm_package_homepage}}\"\\n\\","        {{/if env.npm_package_homepage}}\\n\\","        target=\"_blank\"\\n\\","    >\\n\\","utility2-comment -->\\n\\","        {{env.npm_package_name}} (v{{env.npm_package_version}})\\n\\","<!-- utility2-comment\\n\\","    </a>\\n\\","utility2-comment -->\\n\\","</h1>\\n\\","<h3>{{env.npm_package_description}}</h3>\\n\\","<!-- utility2-comment\\n\\","<h4><a download href=\"assets.app.js\">download standalone app</a></h4>\\n\\","<button class=\"onclick onreset\" id=\"testRunButton1\">run internal test</button><br>\\n\\","<div id=\"testReportDiv1\" style=\"display: none;\"></div>\\n\\","utility2-comment -->\\n\\","\\n\\","\\n\\","\\n\\","<label>stderr and stdout</label>\\n\\","<textarea class=\"resettable\" id=\"outputTextareaStdout1\" readonly></textarea>\\n\\","<!-- utility2-comment\\n\\","{{#if isRollup}}\\n\\","<script src=\"assets.app.js\"></script>\\n\\","{{#unless isRollup}}\\n\\","utility2-comment -->\\n\\","<script src=\"assets.utility2.rollup.js\"></script>\\n\\","<script src=\"jsonp.utility2._stateInit?callback=window.utility2._stateInit\"></script>\\n\\","<script src=\"assets.npmtest_url.rollup.js\"></script>\\n\\","<script src=\"assets.example.js\"></script>\\n\\","<script src=\"assets.test.js\"></script>\\n\\","<!-- utility2-comment\\n\\","{{/if isRollup}}\\n\\","utility2-comment -->\\n\\","<div class=\"utility2FooterDiv\">\\n\\","    [ this app was created with\\n\\","    <a href=\"https://github.com/kaizhu256/node-utility2\" target=\"_blank\">utility2</a>\\n\\","    ]\\n\\","</div>\\n\\","</body>\\n\\","</html>\\n\\","';","        /* jslint-ignore-end */","        if (local.templateRender) {","            local.assetsDict['/'] = local.templateRender(","                local.assetsDict['/assets.index.template.html'],","                {","                    env: local.objectSetDefault(local.env, {","                        npm_package_description: 'the greatest app in the world!',","                        npm_package_name: 'my-app',","                        npm_package_nameAlias: 'my_app',","                        npm_package_version: '0.0.1'","                    })","                }","            );","        } else {","            local.assetsDict['/'] = local.assetsDict['/assets.index.template.html']","                .replace((/\\{\\{env\\.(\\w+?)\\}\\}/g), function (match0, match1) {","                    // jslint-hack","                    String(match0);","                    switch (match1) {","                    case 'npm_package_description':","                        return 'the greatest app in the world!';","                    case 'npm_package_name':","                        return 'my-app';","                    case 'npm_package_nameAlias':","                        return 'my_app';","                    case 'npm_package_version':","                        return '0.0.1';","                    }","                });","        }","        // run the cli","        if (local.global.utility2_rollup || module !== require.main) {","            break;","        }","        local.assetsDict['/assets.example.js'] =","            local.assetsDict['/assets.example.js'] ||","            local.fs.readFileSync(__filename, 'utf8');","        // bug-workaround - long $npm_package_buildCustomOrg","        /* jslint-ignore-begin */","        local.assetsDict['/assets.npmtest_url.rollup.js'] =","            local.assetsDict['/assets.npmtest_url.rollup.js'] ||","            local.fs.readFileSync(","                local.npmtest_url.__dirname + '/lib.npmtest_url.js',","                'utf8'","            ).replace((/^#!/), '//');","        /* jslint-ignore-end */","        local.assetsDict['/favicon.ico'] = local.assetsDict['/favicon.ico'] || '';","        // if $npm_config_timeout_exit exists,","        // then exit this process after $npm_config_timeout_exit ms","        if (Number(process.env.npm_config_timeout_exit)) {","            setTimeout(process.exit, Number(process.env.npm_config_timeout_exit));","        }","        // start server","        if (local.global.utility2_serverHttp1) {","            break;","        }","        process.env.PORT = process.env.PORT || '8081';","        console.error('server starting on port ' + process.env.PORT);","        local.http.createServer(function (request, response) {","            request.urlParsed = local.url.parse(request.url);","            if (local.assetsDict[request.urlParsed.pathname] !== undefined) {","                response.end(local.assetsDict[request.urlParsed.pathname]);","                return;","            }","            response.statusCode = 404;","            response.end();","        }).listen(process.env.PORT);","        break;","    }","}());",""],"l":{"26":2,"28":2,"33":2,"35":2,"37":2,"38":2,"39":2,"44":1,"51":2,"55":2,"59":2,"61":2,"69":1,"70":2,"76":2,"79":2,"82":2,"83":2,"85":1,"89":2,"92":1,"93":1,"94":1,"96":1,"97":1,"100":1,"101":1,"103":1,"106":1,"108":2,"114":1,"116":1,"118":1,"123":1,"124":2,"125":2,"126":3,"127":3,"128":3,"129":3,"130":1,"133":3,"134":3,"139":3,"143":1,"144":3,"145":1,"149":1,"150":1,"158":1,"160":1,"161":1,"162":1,"164":1,"166":1,"258":1,"259":1,"271":1,"274":6,"275":6,"277":1,"279":2,"281":1,"283":2,"288":1,"289":1,"291":1,"296":1,"303":1,"306":1,"307":1,"310":1,"311":1,"313":1,"314":1,"315":1,"316":1,"317":1,"318":1,"319":1,"321":1,"322":1,"324":1}},"/home/travis/build/npmtest/node-npmtest-url/node_modules/url/url.js":{"path":"/home/travis/build/npmtest/node-npmtest-url/node_modules/url/url.js","s":{"1":1,"2":1,"3":1,"4":1,"5":1,"6":1,"7":1,"8":1,"9":0,"10":0,"11":0,"12":0,"13":0,"14":0,"15":0,"16":0,"17":0,"18":0,"19":0,"20":0,"21":1,"22":1,"23":0,"24":0,"25":0,"26":0,"27":0,"28":1,"29":0,"30":0,"31":0,"32":0,"33":0,"34":0,"35":0,"36":0,"37":0,"38":0,"39":0,"40":0,"41":0,"42":0,"43":0,"44":0,"45":0,"46":0,"47":0,"48":0,"49":0,"50":0,"51":0,"52":0,"53":0,"54":0,"55":0,"56":0,"57":0,"58":0,"59":0,"60":0,"61":0,"62":0,"63":0,"64":0,"65":0,"66":0,"67":0,"68":0,"69":0,"70":0,"71":0,"72":0,"73":0,"74":0,"75":0,"76":0,"77":0,"78":0,"79":0,"80":0,"81":0,"82":0,"83":0,"84":0,"85":0,"86":0,"87":0,"88":0,"89":0,"90":0,"91":0,"92":0,"93":0,"94":0,"95":0,"96":0,"97":0,"98":0,"99":0,"100":0,"101":0,"102":0,"103":0,"104":0,"105":0,"106":0,"107":0,"108":0,"109":0,"110":0,"111":0,"112":0,"113":0,"114":0,"115":0,"116":0,"117":0,"118":0,"119":0,"120":0,"121":0,"122":0,"123":0,"124":0,"125":0,"126":0,"127":0,"128":0,"129":0,"130":0,"131":0,"132":0,"133":0,"134":0,"135":0,"136":0,"137":0,"138":0,"139":0,"140":0,"141":0,"142":0,"143":0,"144":0,"145":0,"146":0,"147":0,"148":0,"149":0,"150":0,"151":0,"152":0,"153":0,"154":0,"155":0,"156":0,"157":1,"158":0,"159":0,"160":0,"161":0,"162":0,"163":1,"164":0,"165":0,"166":0,"167":0,"168":0,"169":0,"170":0,"171":0,"172":0,"173":0,"174":0,"175":0,"176":0,"177":0,"178":0,"179":0,"180":0,"181":0,"182":0,"183":0,"184":0,"185":0,"186":0,"187":0,"188":0,"189":0,"190":0,"191":0,"192":0,"193":0,"194":0,"195":1,"196":0,"197":1,"198":0,"199":1,"200":0,"201":0,"202":0,"203":1,"204":0,"205":0,"206":0,"207":0,"208":0,"209":0,"210":0,"211":0,"212":0,"213":0,"214":0,"215":0,"216":0,"217":0,"218":0,"219":0,"220":0,"221":0,"222":0,"223":0,"224":0,"225":0,"226":0,"227":0,"228":0,"229":0,"230":0,"231":0,"232":0,"233":0,"234":0,"235":0,"236":0,"237":0,"238":0,"239":0,"240":0,"241":0,"242":0,"243":0,"244":0,"245":0,"246":0,"247":0,"248":0,"249":0,"250":0,"251":0,"252":0,"253":0,"254":0,"255":0,"256":0,"257":0,"258":0,"259":0,"260":0,"261":0,"262":0,"263":0,"264":0,"265":0,"266":0,"267":0,"268":0,"269":0,"270":0,"271":0,"272":0,"273":0,"274":0,"275":0,"276":0,"277":0,"278":0,"279":0,"280":0,"281":0,"282":0,"283":0,"284":0,"285":0,"286":0,"287":0,"288":0,"289":0,"290":0,"291":0,"292":0,"293":0,"294":0,"295":0,"296":0,"297":0,"298":0,"299":0,"300":0,"301":0,"302":0,"303":0,"304":0,"305":0,"306":0,"307":0,"308":0,"309":0,"310":0,"311":0,"312":0,"313":0,"314":0,"315":0,"316":0,"317":0,"318":0,"319":0,"320":0,"321":0,"322":0,"323":0,"324":0,"325":0,"326":0,"327":0,"328":0,"329":0,"330":0,"331":0,"332":0,"333":0,"334":0,"335":0,"336":0,"337":0,"338":0,"339":0,"340":0,"341":0,"342":0,"343":0,"344":0,"345":0,"346":0,"347":0,"348":0,"349":0,"350":0,"351":0,"352":0,"353":1,"354":0,"355":0,"356":0,"357":0,"358":0,"359":0,"360":0,"361":0,"362":0},"b":{"1":[0,0],"2":[0,0,0],"3":[0,0],"4":[0,0],"5":[0,0],"6":[0,0],"7":[0,0],"8":[0,0],"9":[0,0],"10":[0,0],"11":[0,0],"12":[0,0],"13":[0,0],"14":[0,0,0],"15":[0,0],"16":[0,0],"17":[0,0],"18":[0,0],"19":[0,0,0,0],"20":[0,0],"21":[0,0,0],"22":[0,0],"23":[0,0],"24":[0,0],"25":[0,0,0],"26":[0,0],"27":[0,0],"28":[0,0],"29":[0,0],"30":[0,0],"31":[0,0],"32":[0,0],"33":[0,0],"34":[0,0],"35":[0,0],"36":[0,0],"37":[0,0],"38":[0,0],"39":[0,0],"40":[0,0],"41":[0,0],"42":[0,0],"43":[0,0],"44":[0,0],"45":[0,0],"46":[0,0],"47":[0,0],"48":[0,0],"49":[0,0],"50":[0,0],"51":[0,0,0],"52":[0,0],"53":[0,0],"54":[0,0],"55":[0,0],"56":[0,0],"57":[0,0],"58":[0,0],"59":[0,0],"60":[0,0],"61":[0,0],"62":[0,0],"63":[0,0],"64":[0,0],"65":[0,0],"66":[0,0],"67":[0,0],"68":[0,0,0],"69":[0,0,0,0],"70":[0,0],"71":[0,0],"72":[0,0],"73":[0,0,0,0],"74":[0,0],"75":[0,0],"76":[0,0],"77":[0,0],"78":[0,0],"79":[0,0],"80":[0,0],"81":[0,0],"82":[0,0],"83":[0,0],"84":[0,0],"85":[0,0],"86":[0,0],"87":[0,0],"88":[0,0],"89":[0,0,0],"90":[0,0],"91":[0,0],"92":[0,0],"93":[0,0],"94":[0,0],"95":[0,0],"96":[0,0],"97":[0,0],"98":[0,0],"99":[0,0],"100":[0,0],"101":[0,0],"102":[0,0],"103":[0,0],"104":[0,0],"105":[0,0],"106":[0,0],"107":[0,0],"108":[0,0],"109":[0,0,0],"110":[0,0,0,0],"111":[0,0,0],"112":[0,0,0],"113":[0,0],"114":[0,0],"115":[0,0],"116":[0,0],"117":[0,0],"118":[0,0],"119":[0,0],"120":[0,0,0],"121":[0,0],"122":[0,0],"123":[0,0],"124":[0,0],"125":[0,0],"126":[0,0],"127":[0,0],"128":[0,0],"129":[0,0],"130":[0,0],"131":[0,0],"132":[0,0],"133":[0,0],"134":[0,0],"135":[0,0],"136":[0,0],"137":[0,0],"138":[0,0],"139":[0,0,0,0,0,0],"140":[0,0],"141":[0,0],"142":[0,0],"143":[0,0],"144":[0,0],"145":[0,0],"146":[0,0,0,0],"147":[0,0],"148":[0,0],"149":[0,0,0],"150":[0,0],"151":[0,0],"152":[0,0],"153":[0,0],"154":[0,0],"155":[0,0],"156":[0,0,0],"157":[0,0],"158":[0,0],"159":[0,0],"160":[0,0],"161":[0,0],"162":[0,0],"163":[0,0],"164":[0,0],"165":[0,0],"166":[0,0],"167":[0,0],"168":[0,0]},"f":{"1":0,"2":0,"3":0,"4":0,"5":0,"6":0,"7":0,"8":0,"9":0,"10":0,"11":0},"fnMap":{"1":{"name":"Url","line":34,"loc":{"start":{"line":34,"column":0},"end":{"line":34,"column":15}}},"2":{"name":"urlParse","line":102,"loc":{"start":{"line":102,"column":0},"end":{"line":102,"column":60}}},"3":{"name":"(anonymous_3)","line":110,"loc":{"start":{"line":110,"column":22},"end":{"line":110,"column":73}}},"4":{"name":"urlFormat","line":372,"loc":{"start":{"line":372,"column":0},"end":{"line":372,"column":24}}},"5":{"name":"(anonymous_5)","line":382,"loc":{"start":{"line":382,"column":23},"end":{"line":382,"column":34}}},"6":{"name":"(anonymous_6)","line":430,"loc":{"start":{"line":430,"column":39},"end":{"line":430,"column":55}}},"7":{"name":"urlResolve","line":438,"loc":{"start":{"line":438,"column":0},"end":{"line":438,"column":38}}},"8":{"name":"(anonymous_8)","line":442,"loc":{"start":{"line":442,"column":24},"end":{"line":442,"column":43}}},"9":{"name":"urlResolveObject","line":446,"loc":{"start":{"line":446,"column":0},"end":{"line":446,"column":44}}},"10":{"name":"(anonymous_10)","line":451,"loc":{"start":{"line":451,"column":30},"end":{"line":451,"column":49}}},"11":{"name":"(anonymous_11)","line":721,"loc":{"start":{"line":721,"column":26},"end":{"line":721,"column":37}}}},"statementMap":{"1":{"start":{"line":24,"column":0},"end":{"line":24,"column":35}},"2":{"start":{"line":25,"column":0},"end":{"line":25,"column":29}},"3":{"start":{"line":27,"column":0},"end":{"line":27,"column":25}},"4":{"start":{"line":28,"column":0},"end":{"line":28,"column":29}},"5":{"start":{"line":29,"column":0},"end":{"line":29,"column":41}},"6":{"start":{"line":30,"column":0},"end":{"line":30,"column":27}},"7":{"start":{"line":32,"column":0},"end":{"line":32,"column":18}},"8":{"start":{"line":34,"column":0},"end":{"line":47,"column":1}},"9":{"start":{"line":35,"column":2},"end":{"line":35,"column":23}},"10":{"start":{"line":36,"column":2},"end":{"line":36,"column":22}},"11":{"start":{"line":37,"column":2},"end":{"line":37,"column":19}},"12":{"start":{"line":38,"column":2},"end":{"line":38,"column":19}},"13":{"start":{"line":39,"column":2},"end":{"line":39,"column":19}},"14":{"start":{"line":40,"column":2},"end":{"line":40,"column":23}},"15":{"start":{"line":41,"column":2},"end":{"line":41,"column":19}},"16":{"start":{"line":42,"column":2},"end":{"line":42,"column":21}},"17":{"start":{"line":43,"column":2},"end":{"line":43,"column":20}},"18":{"start":{"line":44,"column":2},"end":{"line":44,"column":23}},"19":{"start":{"line":45,"column":2},"end":{"line":45,"column":19}},"20":{"start":{"line":46,"column":2},"end":{"line":46,"column":19}},"21":{"start":{"line":53,"column":0},"end":{"line":100,"column":41}},"22":{"start":{"line":102,"column":0},"end":{"line":108,"column":1}},"23":{"start":{"line":103,"column":2},"end":{"line":103,"column":66}},"24":{"start":{"line":103,"column":55},"end":{"line":103,"column":66}},"25":{"start":{"line":105,"column":2},"end":{"line":105,"column":18}},"26":{"start":{"line":106,"column":2},"end":{"line":106,"column":52}},"27":{"start":{"line":107,"column":2},"end":{"line":107,"column":11}},"28":{"start":{"line":110,"column":0},"end":{"line":369,"column":2}},"29":{"start":{"line":111,"column":2},"end":{"line":113,"column":3}},"30":{"start":{"line":112,"column":4},"end":{"line":112,"column":79}},"31":{"start":{"line":118,"column":2},"end":{"line":122,"column":25}},"32":{"start":{"line":123,"column":2},"end":{"line":123,"column":49}},"33":{"start":{"line":124,"column":2},"end":{"line":124,"column":30}},"34":{"start":{"line":126,"column":2},"end":{"line":126,"column":17}},"35":{"start":{"line":130,"column":2},"end":{"line":130,"column":21}},"36":{"start":{"line":132,"column":2},"end":{"line":152,"column":3}},"37":{"start":{"line":134,"column":4},"end":{"line":134,"column":50}},"38":{"start":{"line":135,"column":4},"end":{"line":151,"column":5}},"39":{"start":{"line":136,"column":6},"end":{"line":136,"column":23}},"40":{"start":{"line":137,"column":6},"end":{"line":137,"column":23}},"41":{"start":{"line":138,"column":6},"end":{"line":138,"column":36}},"42":{"start":{"line":139,"column":6},"end":{"line":149,"column":7}},"43":{"start":{"line":140,"column":8},"end":{"line":140,"column":36}},"44":{"start":{"line":141,"column":8},"end":{"line":145,"column":9}},"45":{"start":{"line":142,"column":10},"end":{"line":142,"column":64}},"46":{"start":{"line":144,"column":10},"end":{"line":144,"column":45}},"47":{"start":{"line":146,"column":13},"end":{"line":149,"column":7}},"48":{"start":{"line":147,"column":8},"end":{"line":147,"column":25}},"49":{"start":{"line":148,"column":8},"end":{"line":148,"column":24}},"50":{"start":{"line":150,"column":6},"end":{"line":150,"column":18}},"51":{"start":{"line":154,"column":2},"end":{"line":154,"column":41}},"52":{"start":{"line":155,"column":2},"end":{"line":160,"column":3}},"53":{"start":{"line":156,"column":4},"end":{"line":156,"column":21}},"54":{"start":{"line":157,"column":4},"end":{"line":157,"column":41}},"55":{"start":{"line":158,"column":4},"end":{"line":158,"column":31}},"56":{"start":{"line":159,"column":4},"end":{"line":159,"column":37}},"57":{"start":{"line":166,"column":2},"end":{"line":172,"column":3}},"58":{"start":{"line":167,"column":4},"end":{"line":167,"column":45}},"59":{"start":{"line":168,"column":4},"end":{"line":171,"column":5}},"60":{"start":{"line":169,"column":6},"end":{"line":169,"column":28}},"61":{"start":{"line":170,"column":6},"end":{"line":170,"column":26}},"62":{"start":{"line":174,"column":2},"end":{"line":311,"column":3}},"63":{"start":{"line":193,"column":4},"end":{"line":193,"column":21}},"64":{"start":{"line":194,"column":4},"end":{"line":198,"column":5}},"65":{"start":{"line":195,"column":6},"end":{"line":195,"column":49}},"66":{"start":{"line":196,"column":6},"end":{"line":197,"column":22}},"67":{"start":{"line":197,"column":8},"end":{"line":197,"column":22}},"68":{"start":{"line":202,"column":4},"end":{"line":202,"column":21}},"69":{"start":{"line":203,"column":4},"end":{"line":210,"column":5}},"70":{"start":{"line":205,"column":6},"end":{"line":205,"column":37}},"71":{"start":{"line":209,"column":6},"end":{"line":209,"column":46}},"72":{"start":{"line":214,"column":4},"end":{"line":218,"column":5}},"73":{"start":{"line":215,"column":6},"end":{"line":215,"column":35}},"74":{"start":{"line":216,"column":6},"end":{"line":216,"column":36}},"75":{"start":{"line":217,"column":6},"end":{"line":217,"column":43}},"76":{"start":{"line":221,"column":4},"end":{"line":221,"column":17}},"77":{"start":{"line":222,"column":4},"end":{"line":226,"column":5}},"78":{"start":{"line":223,"column":6},"end":{"line":223,"column":46}},"79":{"start":{"line":224,"column":6},"end":{"line":225,"column":22}},"80":{"start":{"line":225,"column":8},"end":{"line":225,"column":22}},"81":{"start":{"line":228,"column":4},"end":{"line":229,"column":28}},"82":{"start":{"line":229,"column":6},"end":{"line":229,"column":28}},"83":{"start":{"line":231,"column":4},"end":{"line":231,"column":39}},"84":{"start":{"line":232,"column":4},"end":{"line":232,"column":31}},"85":{"start":{"line":235,"column":4},"end":{"line":235,"column":21}},"86":{"start":{"line":239,"column":4},"end":{"line":239,"column":40}},"87":{"start":{"line":243,"column":4},"end":{"line":244,"column":56}},"88":{"start":{"line":247,"column":4},"end":{"line":281,"column":5}},"89":{"start":{"line":248,"column":6},"end":{"line":248,"column":48}},"90":{"start":{"line":249,"column":6},"end":{"line":280,"column":7}},"91":{"start":{"line":250,"column":8},"end":{"line":250,"column":32}},"92":{"start":{"line":251,"column":8},"end":{"line":251,"column":28}},"93":{"start":{"line":251,"column":19},"end":{"line":251,"column":28}},"94":{"start":{"line":252,"column":8},"end":{"line":279,"column":9}},"95":{"start":{"line":253,"column":10},"end":{"line":253,"column":27}},"96":{"start":{"line":254,"column":10},"end":{"line":263,"column":11}},"97":{"start":{"line":255,"column":12},"end":{"line":262,"column":13}},"98":{"start":{"line":259,"column":14},"end":{"line":259,"column":29}},"99":{"start":{"line":261,"column":14},"end":{"line":261,"column":33}},"100":{"start":{"line":265,"column":10},"end":{"line":278,"column":11}},"101":{"start":{"line":266,"column":12},"end":{"line":266,"column":51}},"102":{"start":{"line":267,"column":12},"end":{"line":267,"column":49}},"103":{"start":{"line":268,"column":12},"end":{"line":268,"column":52}},"104":{"start":{"line":269,"column":12},"end":{"line":272,"column":13}},"105":{"start":{"line":270,"column":14},"end":{"line":270,"column":38}},"106":{"start":{"line":271,"column":14},"end":{"line":271,"column":38}},"107":{"start":{"line":273,"column":12},"end":{"line":275,"column":13}},"108":{"start":{"line":274,"column":14},"end":{"line":274,"column":52}},"109":{"start":{"line":276,"column":12},"end":{"line":276,"column":49}},"110":{"start":{"line":277,"column":12},"end":{"line":277,"column":18}},"111":{"start":{"line":283,"column":4},"end":{"line":288,"column":5}},"112":{"start":{"line":284,"column":6},"end":{"line":284,"column":25}},"113":{"start":{"line":287,"column":6},"end":{"line":287,"column":50}},"114":{"start":{"line":290,"column":4},"end":{"line":296,"column":5}},"115":{"start":{"line":295,"column":6},"end":{"line":295,"column":54}},"116":{"start":{"line":298,"column":4},"end":{"line":298,"column":45}},"117":{"start":{"line":299,"column":4},"end":{"line":299,"column":32}},"118":{"start":{"line":300,"column":4},"end":{"line":300,"column":22}},"119":{"start":{"line":301,"column":4},"end":{"line":301,"column":27}},"120":{"start":{"line":305,"column":4},"end":{"line":310,"column":5}},"121":{"start":{"line":306,"column":6},"end":{"line":306,"column":72}},"122":{"start":{"line":307,"column":6},"end":{"line":309,"column":7}},"123":{"start":{"line":308,"column":8},"end":{"line":308,"column":26}},"124":{"start":{"line":315,"column":2},"end":{"line":330,"column":3}},"125":{"start":{"line":320,"column":4},"end":{"line":329,"column":5}},"126":{"start":{"line":321,"column":6},"end":{"line":321,"column":29}},"127":{"start":{"line":322,"column":6},"end":{"line":323,"column":17}},"128":{"start":{"line":323,"column":8},"end":{"line":323,"column":17}},"129":{"start":{"line":324,"column":6},"end":{"line":324,"column":39}},"130":{"start":{"line":325,"column":6},"end":{"line":327,"column":7}},"131":{"start":{"line":326,"column":8},"end":{"line":326,"column":25}},"132":{"start":{"line":328,"column":6},"end":{"line":328,"column":38}},"133":{"start":{"line":334,"column":2},"end":{"line":334,"column":31}},"134":{"start":{"line":335,"column":2},"end":{"line":339,"column":3}},"135":{"start":{"line":337,"column":4},"end":{"line":337,"column":34}},"136":{"start":{"line":338,"column":4},"end":{"line":338,"column":31}},"137":{"start":{"line":340,"column":2},"end":{"line":340,"column":29}},"138":{"start":{"line":341,"column":2},"end":{"line":352,"column":3}},"139":{"start":{"line":342,"column":4},"end":{"line":342,"column":34}},"140":{"start":{"line":343,"column":4},"end":{"line":343,"column":37}},"141":{"start":{"line":344,"column":4},"end":{"line":346,"column":5}},"142":{"start":{"line":345,"column":6},"end":{"line":345,"column":49}},"143":{"start":{"line":347,"column":4},"end":{"line":347,"column":29}},"144":{"start":{"line":348,"column":9},"end":{"line":352,"column":3}},"145":{"start":{"line":350,"column":4},"end":{"line":350,"column":21}},"146":{"start":{"line":351,"column":4},"end":{"line":351,"column":20}},"147":{"start":{"line":353,"column":2},"end":{"line":353,"column":33}},"148":{"start":{"line":353,"column":12},"end":{"line":353,"column":33}},"149":{"start":{"line":354,"column":2},"end":{"line":357,"column":3}},"150":{"start":{"line":356,"column":4},"end":{"line":356,"column":24}},"151":{"start":{"line":360,"column":2},"end":{"line":364,"column":3}},"152":{"start":{"line":361,"column":4},"end":{"line":361,"column":32}},"153":{"start":{"line":362,"column":4},"end":{"line":362,"column":30}},"154":{"start":{"line":363,"column":4},"end":{"line":363,"column":22}},"155":{"start":{"line":367,"column":2},"end":{"line":367,"column":28}},"156":{"start":{"line":368,"column":2},"end":{"line":368,"column":14}},"157":{"start":{"line":372,"column":0},"end":{"line":380,"column":1}},"158":{"start":{"line":377,"column":2},"end":{"line":377,"column":46}},"159":{"start":{"line":377,"column":26},"end":{"line":377,"column":46}},"160":{"start":{"line":378,"column":2},"end":{"line":378,"column":67}},"161":{"start":{"line":378,"column":29},"end":{"line":378,"column":67}},"162":{"start":{"line":379,"column":2},"end":{"line":379,"column":22}},"163":{"start":{"line":382,"column":0},"end":{"line":436,"column":2}},"164":{"start":{"line":383,"column":2},"end":{"line":383,"column":29}},"165":{"start":{"line":384,"column":2},"end":{"line":388,"column":3}},"166":{"start":{"line":385,"column":4},"end":{"line":385,"column":36}},"167":{"start":{"line":386,"column":4},"end":{"line":386,"column":37}},"168":{"start":{"line":387,"column":4},"end":{"line":387,"column":16}},"169":{"start":{"line":390,"column":2},"end":{"line":394,"column":17}},"170":{"start":{"line":396,"column":2},"end":{"line":405,"column":3}},"171":{"start":{"line":397,"column":4},"end":{"line":397,"column":28}},"172":{"start":{"line":398,"column":9},"end":{"line":405,"column":3}},"173":{"start":{"line":399,"column":4},"end":{"line":401,"column":35}},"174":{"start":{"line":402,"column":4},"end":{"line":404,"column":5}},"175":{"start":{"line":403,"column":6},"end":{"line":403,"column":30}},"176":{"start":{"line":407,"column":2},"end":{"line":411,"column":3}},"177":{"start":{"line":410,"column":4},"end":{"line":410,"column":46}},"178":{"start":{"line":413,"column":2},"end":{"line":413,"column":61}},"179":{"start":{"line":415,"column":2},"end":{"line":415,"column":63}},"180":{"start":{"line":415,"column":47},"end":{"line":415,"column":63}},"181":{"start":{"line":419,"column":2},"end":{"line":425,"column":3}},"182":{"start":{"line":421,"column":4},"end":{"line":421,"column":31}},"183":{"start":{"line":422,"column":4},"end":{"line":422,"column":74}},"184":{"start":{"line":422,"column":48},"end":{"line":422,"column":74}},"185":{"start":{"line":423,"column":9},"end":{"line":425,"column":3}},"186":{"start":{"line":424,"column":4},"end":{"line":424,"column":14}},"187":{"start":{"line":427,"column":2},"end":{"line":427,"column":56}},"188":{"start":{"line":427,"column":38},"end":{"line":427,"column":56}},"189":{"start":{"line":428,"column":2},"end":{"line":428,"column":64}},"190":{"start":{"line":428,"column":42},"end":{"line":428,"column":64}},"191":{"start":{"line":430,"column":2},"end":{"line":432,"column":5}},"192":{"start":{"line":431,"column":4},"end":{"line":431,"column":37}},"193":{"start":{"line":433,"column":2},"end":{"line":433,"column":38}},"194":{"start":{"line":435,"column":2},"end":{"line":435,"column":52}},"195":{"start":{"line":438,"column":0},"end":{"line":440,"column":1}},"196":{"start":{"line":439,"column":2},"end":{"line":439,"column":57}},"197":{"start":{"line":442,"column":0},"end":{"line":444,"column":2}},"198":{"start":{"line":443,"column":2},"end":{"line":443,"column":70}},"199":{"start":{"line":446,"column":0},"end":{"line":449,"column":1}},"200":{"start":{"line":447,"column":2},"end":{"line":447,"column":31}},"201":{"start":{"line":447,"column":15},"end":{"line":447,"column":31}},"202":{"start":{"line":448,"column":2},"end":{"line":448,"column":63}},"203":{"start":{"line":451,"column":0},"end":{"line":719,"column":2}},"204":{"start":{"line":452,"column":2},"end":{"line":456,"column":3}},"205":{"start":{"line":453,"column":4},"end":{"line":453,"column":24}},"206":{"start":{"line":454,"column":4},"end":{"line":454,"column":37}},"207":{"start":{"line":455,"column":4},"end":{"line":455,"column":19}},"208":{"start":{"line":458,"column":2},"end":{"line":458,"column":25}},"209":{"start":{"line":459,"column":2},"end":{"line":459,"column":32}},"210":{"start":{"line":460,"column":2},"end":{"line":463,"column":3}},"211":{"start":{"line":461,"column":4},"end":{"line":461,"column":25}},"212":{"start":{"line":462,"column":4},"end":{"line":462,"column":30}},"213":{"start":{"line":467,"column":2},"end":{"line":467,"column":30}},"214":{"start":{"line":470,"column":2},"end":{"line":473,"column":3}},"215":{"start":{"line":471,"column":4},"end":{"line":471,"column":34}},"216":{"start":{"line":472,"column":4},"end":{"line":472,"column":18}},"217":{"start":{"line":476,"column":2},"end":{"line":493,"column":3}},"218":{"start":{"line":478,"column":4},"end":{"line":478,"column":38}},"219":{"start":{"line":479,"column":4},"end":{"line":483,"column":5}},"220":{"start":{"line":480,"column":6},"end":{"line":480,"column":27}},"221":{"start":{"line":481,"column":6},"end":{"line":482,"column":38}},"222":{"start":{"line":482,"column":8},"end":{"line":482,"column":38}},"223":{"start":{"line":486,"column":4},"end":{"line":489,"column":5}},"224":{"start":{"line":488,"column":6},"end":{"line":488,"column":42}},"225":{"start":{"line":491,"column":4},"end":{"line":491,"column":34}},"226":{"start":{"line":492,"column":4},"end":{"line":492,"column":18}},"227":{"start":{"line":495,"column":2},"end":{"line":541,"column":3}},"228":{"start":{"line":504,"column":4},"end":{"line":512,"column":5}},"229":{"start":{"line":505,"column":6},"end":{"line":505,"column":39}},"230":{"start":{"line":506,"column":6},"end":{"line":509,"column":7}},"231":{"start":{"line":507,"column":8},"end":{"line":507,"column":24}},"232":{"start":{"line":508,"column":8},"end":{"line":508,"column":32}},"233":{"start":{"line":510,"column":6},"end":{"line":510,"column":36}},"234":{"start":{"line":511,"column":6},"end":{"line":511,"column":20}},"235":{"start":{"line":514,"column":4},"end":{"line":514,"column":40}},"236":{"start":{"line":515,"column":4},"end":{"line":525,"column":5}},"237":{"start":{"line":516,"column":6},"end":{"line":516,"column":57}},"238":{"start":{"line":517,"column":6},"end":{"line":517,"column":67}},"239":{"start":{"line":518,"column":6},"end":{"line":518,"column":45}},"240":{"start":{"line":518,"column":26},"end":{"line":518,"column":45}},"241":{"start":{"line":519,"column":6},"end":{"line":519,"column":53}},"242":{"start":{"line":519,"column":30},"end":{"line":519,"column":53}},"243":{"start":{"line":520,"column":6},"end":{"line":520,"column":49}},"244":{"start":{"line":520,"column":29},"end":{"line":520,"column":49}},"245":{"start":{"line":521,"column":6},"end":{"line":521,"column":50}},"246":{"start":{"line":521,"column":30},"end":{"line":521,"column":50}},"247":{"start":{"line":522,"column":6},"end":{"line":522,"column":42}},"248":{"start":{"line":524,"column":6},"end":{"line":524,"column":42}},"249":{"start":{"line":526,"column":4},"end":{"line":526,"column":36}},"250":{"start":{"line":527,"column":4},"end":{"line":527,"column":34}},"251":{"start":{"line":528,"column":4},"end":{"line":528,"column":38}},"252":{"start":{"line":529,"column":4},"end":{"line":529,"column":32}},"253":{"start":{"line":530,"column":4},"end":{"line":530,"column":57}},"254":{"start":{"line":531,"column":4},"end":{"line":531,"column":32}},"255":{"start":{"line":533,"column":4},"end":{"line":537,"column":5}},"256":{"start":{"line":534,"column":6},"end":{"line":534,"column":36}},"257":{"start":{"line":535,"column":6},"end":{"line":535,"column":34}},"258":{"start":{"line":536,"column":6},"end":{"line":536,"column":26}},"259":{"start":{"line":538,"column":4},"end":{"line":538,"column":56}},"260":{"start":{"line":539,"column":4},"end":{"line":539,"column":34}},"261":{"start":{"line":540,"column":4},"end":{"line":540,"column":18}},"262":{"start":{"line":543,"column":2},"end":{"line":553,"column":71}},"263":{"start":{"line":560,"column":2},"end":{"line":578,"column":3}},"264":{"start":{"line":561,"column":4},"end":{"line":561,"column":25}},"265":{"start":{"line":562,"column":4},"end":{"line":562,"column":23}},"266":{"start":{"line":563,"column":4},"end":{"line":566,"column":5}},"267":{"start":{"line":564,"column":6},"end":{"line":565,"column":40}},"268":{"start":{"line":564,"column":29},"end":{"line":564,"column":54}},"269":{"start":{"line":565,"column":11},"end":{"line":565,"column":40}},"270":{"start":{"line":567,"column":4},"end":{"line":567,"column":21}},"271":{"start":{"line":568,"column":4},"end":{"line":576,"column":5}},"272":{"start":{"line":569,"column":6},"end":{"line":569,"column":31}},"273":{"start":{"line":570,"column":6},"end":{"line":570,"column":27}},"274":{"start":{"line":571,"column":6},"end":{"line":574,"column":7}},"275":{"start":{"line":572,"column":8},"end":{"line":573,"column":44}},"276":{"start":{"line":572,"column":31},"end":{"line":572,"column":58}},"277":{"start":{"line":573,"column":13},"end":{"line":573,"column":44}},"278":{"start":{"line":575,"column":6},"end":{"line":575,"column":27}},"279":{"start":{"line":577,"column":4},"end":{"line":577,"column":72}},"280":{"start":{"line":580,"column":2},"end":{"line":623,"column":3}},"281":{"start":{"line":582,"column":4},"end":{"line":583,"column":46}},"282":{"start":{"line":584,"column":4},"end":{"line":585,"column":58}},"283":{"start":{"line":586,"column":4},"end":{"line":586,"column":36}},"284":{"start":{"line":587,"column":4},"end":{"line":587,"column":34}},"285":{"start":{"line":588,"column":4},"end":{"line":588,"column":22}},"286":{"start":{"line":590,"column":9},"end":{"line":623,"column":3}},"287":{"start":{"line":593,"column":4},"end":{"line":593,"column":31}},"288":{"start":{"line":593,"column":18},"end":{"line":593,"column":31}},"289":{"start":{"line":594,"column":4},"end":{"line":594,"column":18}},"290":{"start":{"line":595,"column":4},"end":{"line":595,"column":38}},"291":{"start":{"line":596,"column":4},"end":{"line":596,"column":36}},"292":{"start":{"line":597,"column":4},"end":{"line":597,"column":34}},"293":{"start":{"line":598,"column":9},"end":{"line":623,"column":3}},"294":{"start":{"line":602,"column":4},"end":{"line":613,"column":5}},"295":{"start":{"line":603,"column":6},"end":{"line":603,"column":54}},"296":{"start":{"line":607,"column":6},"end":{"line":608,"column":54}},"297":{"start":{"line":609,"column":6},"end":{"line":612,"column":7}},"298":{"start":{"line":610,"column":8},"end":{"line":610,"column":41}},"299":{"start":{"line":611,"column":8},"end":{"line":611,"column":59}},"300":{"start":{"line":614,"column":4},"end":{"line":614,"column":36}},"301":{"start":{"line":615,"column":4},"end":{"line":615,"column":34}},"302":{"start":{"line":617,"column":4},"end":{"line":620,"column":5}},"303":{"start":{"line":618,"column":6},"end":{"line":619,"column":57}},"304":{"start":{"line":621,"column":4},"end":{"line":621,"column":34}},"305":{"start":{"line":622,"column":4},"end":{"line":622,"column":18}},"306":{"start":{"line":625,"column":2},"end":{"line":637,"column":3}},"307":{"start":{"line":628,"column":4},"end":{"line":628,"column":27}},"308":{"start":{"line":630,"column":4},"end":{"line":634,"column":5}},"309":{"start":{"line":631,"column":6},"end":{"line":631,"column":40}},"310":{"start":{"line":633,"column":6},"end":{"line":633,"column":25}},"311":{"start":{"line":635,"column":4},"end":{"line":635,"column":34}},"312":{"start":{"line":636,"column":4},"end":{"line":636,"column":18}},"313":{"start":{"line":642,"column":2},"end":{"line":642,"column":34}},"314":{"start":{"line":643,"column":2},"end":{"line":645,"column":54}},"315":{"start":{"line":649,"column":2},"end":{"line":649,"column":13}},"316":{"start":{"line":650,"column":2},"end":{"line":661,"column":3}},"317":{"start":{"line":651,"column":4},"end":{"line":651,"column":22}},"318":{"start":{"line":652,"column":4},"end":{"line":660,"column":5}},"319":{"start":{"line":653,"column":6},"end":{"line":653,"column":27}},"320":{"start":{"line":654,"column":11},"end":{"line":660,"column":5}},"321":{"start":{"line":655,"column":6},"end":{"line":655,"column":27}},"322":{"start":{"line":656,"column":6},"end":{"line":656,"column":11}},"323":{"start":{"line":657,"column":11},"end":{"line":660,"column":5}},"324":{"start":{"line":658,"column":6},"end":{"line":658,"column":27}},"325":{"start":{"line":659,"column":6},"end":{"line":659,"column":11}},"326":{"start":{"line":664,"column":2},"end":{"line":668,"column":3}},"327":{"start":{"line":665,"column":4},"end":{"line":667,"column":5}},"328":{"start":{"line":666,"column":6},"end":{"line":666,"column":28}},"329":{"start":{"line":670,"column":2},"end":{"line":673,"column":3}},"330":{"start":{"line":672,"column":4},"end":{"line":672,"column":24}},"331":{"start":{"line":675,"column":2},"end":{"line":677,"column":3}},"332":{"start":{"line":676,"column":4},"end":{"line":676,"column":21}},"333":{"start":{"line":679,"column":2},"end":{"line":680,"column":51}},"334":{"start":{"line":683,"column":2},"end":{"line":695,"column":3}},"335":{"start":{"line":684,"column":4},"end":{"line":685,"column":74}},"336":{"start":{"line":689,"column":4},"end":{"line":690,"column":52}},"337":{"start":{"line":691,"column":4},"end":{"line":694,"column":5}},"338":{"start":{"line":692,"column":6},"end":{"line":692,"column":39}},"339":{"start":{"line":693,"column":6},"end":{"line":693,"
[...]
s not","              // broken by replacing non-ASCII by nothing","              newpart += 'x';","            } else {","              newpart += part[j];","            }","          }","          // we test again with ASCII char only","          if (!newpart.match(hostnamePartPattern)) {","            var validParts = hostparts.slice(0, i);","            var notHost = hostparts.slice(i + 1);","            var bit = part.match(hostnamePartStart);","            if (bit) {","              validParts.push(bit[1]);","              notHost.unshift(bit[2]);","            }","            if (notHost.length) {","              rest = '/' + notHost.join('.') + rest;","            }","            this.hostname = validParts.join('.');","            break;","          }","        }","      }","    }","","    if (this.hostname.length > hostnameMaxLen) {","      this.hostname = '';","    } else {","      // hostnames are always lower case.","      this.hostname = this.hostname.toLowerCase();","    }","","    if (!ipv6Hostname) {","      // IDNA Support: Returns a punycoded representation of \"domain\".","      // It only converts parts of the domain name that","      // have non-ASCII characters, i.e. it doesn't matter if","      // you call it with a domain that already is ASCII-only.","      this.hostname = punycode.toASCII(this.hostname);","    }","","    var p = this.port ? ':' + this.port : '';","    var h = this.hostname || '';","    this.host = h + p;","    this.href += this.host;","","    // strip [ and ] from the hostname","    // the host field still retains them, though","    if (ipv6Hostname) {","      this.hostname = this.hostname.substr(1, this.hostname.length - 2);","      if (rest[0] !== '/') {","        rest = '/' + rest;","      }","    }","  }","","  // now rest is set to the post-host stuff.","  // chop off any delim chars.","  if (!unsafeProtocol[lowerProto]) {","","    // First, make 100% sure that any \"autoEscape\" chars get","    // escaped, even if encodeURIComponent doesn't think they","    // need to be.","    for (var i = 0, l = autoEscape.length; i < l; i++) {","      var ae = autoEscape[i];","      if (rest.indexOf(ae) === -1)","        continue;","      var esc = encodeURIComponent(ae);","      if (esc === ae) {","        esc = escape(ae);","      }","      rest = rest.split(ae).join(esc);","    }","  }","","","  // chop off from the tail first.","  var hash = rest.indexOf('#');","  if (hash !== -1) {","    // got a fragment string.","    this.hash = rest.substr(hash);","    rest = rest.slice(0, hash);","  }","  var qm = rest.indexOf('?');","  if (qm !== -1) {","    this.search = rest.substr(qm);","    this.query = rest.substr(qm + 1);","    if (parseQueryString) {","      this.query = querystring.parse(this.query);","    }","    rest = rest.slice(0, qm);","  } else if (parseQueryString) {","    // no query string, but parseQueryString still requested","    this.search = '';","    this.query = {};","  }","  if (rest) this.pathname = rest;","  if (slashedProtocol[lowerProto] &&","      this.hostname && !this.pathname) {","    this.pathname = '/';","  }","","  //to support http.request","  if (this.pathname || this.search) {","    var p = this.pathname || '';","    var s = this.search || '';","    this.path = p + s;","  }","","  // finally, reconstruct the href based on what has been validated.","  this.href = this.format();","  return this;","};","","// format a parsed object into a url string","function urlFormat(obj) {","  // ensure it's an object, and not a string url.","  // If it's an obj, this is a no-op.","  // this way, you can call url_format() on strings","  // to clean up potentially wonky urls.","  if (util.isString(obj)) obj = urlParse(obj);","  if (!(obj instanceof Url)) return Url.prototype.format.call(obj);","  return obj.format();","}","","Url.prototype.format = function() {","  var auth = this.auth || '';","  if (auth) {","    auth = encodeURIComponent(auth);","    auth = auth.replace(/%3A/i, ':');","    auth += '@';","  }","","  var protocol = this.protocol || '',","      pathname = this.pathname || '',","      hash = this.hash || '',","      host = false,","      query = '';","","  if (this.host) {","    host = auth + this.host;","  } else if (this.hostname) {","    host = auth + (this.hostname.indexOf(':') === -1 ?","        this.hostname :","        '[' + this.hostname + ']');","    if (this.port) {","      host += ':' + this.port;","    }","  }","","  if (this.query &&","      util.isObject(this.query) &&","      Object.keys(this.query).length) {","    query = querystring.stringify(this.query);","  }","","  var search = this.search || (query && ('?' + query)) || '';","","  if (protocol && protocol.substr(-1) !== ':') protocol += ':';","","  // only the slashedProtocols get the //.  Not mailto:, xmpp:, etc.","  // unless they had them to begin with.","  if (this.slashes ||","      (!protocol || slashedProtocol[protocol]) && host !== false) {","    host = '//' + (host || '');","    if (pathname && pathname.charAt(0) !== '/') pathname = '/' + pathname;","  } else if (!host) {","    host = '';","  }","","  if (hash && hash.charAt(0) !== '#') hash = '#' + hash;","  if (search && search.charAt(0) !== '?') search = '?' + search;","","  pathname = pathname.replace(/[?#]/g, function(match) {","    return encodeURIComponent(match);","  });","  search = search.replace('#', '%23');","","  return protocol + host + pathname + search + hash;","};","","function urlResolve(source, relative) {","  return urlParse(source, false, true).resolve(relative);","}","","Url.prototype.resolve = function(relative) {","  return this.resolveObject(urlParse(relative, false, true)).format();","};","","function urlResolveObject(source, relative) {","  if (!source) return relative;","  return urlParse(source, false, true).resolveObject(relative);","}","","Url.prototype.resolveObject = function(relative) {","  if (util.isString(relative)) {","    var rel = new Url();","    rel.parse(relative, false, true);","    relative = rel;","  }","","  var result = new Url();","  var tkeys = Object.keys(this);","  for (var tk = 0; tk < tkeys.length; tk++) {","    var tkey = tkeys[tk];","    result[tkey] = this[tkey];","  }","","  // hash is always overridden, no matter what.","  // even href=\"\" will remove it.","  result.hash = relative.hash;","","  // if the relative url is empty, then there's nothing left to do here.","  if (relative.href === '') {","    result.href = result.format();","    return result;","  }","","  // hrefs like //foo/bar always cut to the protocol.","  if (relative.slashes && !relative.protocol) {","    // take everything except the protocol from relative","    var rkeys = Object.keys(relative);","    for (var rk = 0; rk < rkeys.length; rk++) {","      var rkey = rkeys[rk];","      if (rkey !== 'protocol')","        result[rkey] = relative[rkey];","    }","","    //urlParse appends trailing / to urls like http://www.example.com","    if (slashedProtocol[result.protocol] &&","        result.hostname && !result.pathname) {","      result.path = result.pathname = '/';","    }","","    result.href = result.format();","    return result;","  }","","  if (relative.protocol && relative.protocol !== result.protocol) {","    // if it's a known url protocol, then changing","    // the protocol does weird things","    // first, if it's not file:, then we MUST have a host,","    // and if there was a path","    // to begin with, then we MUST have a path.","    // if it is file:, then the host is dropped,","    // because that's known to be hostless.","    // anything else is assumed to be absolute.","    if (!slashedProtocol[relative.protocol]) {","      var keys = Object.keys(relative);","      for (var v = 0; v < keys.length; v++) {","        var k = keys[v];","        result[k] = relative[k];","      }","      result.href = result.format();","      return result;","    }","","    result.protocol = relative.protocol;","    if (!relative.host && !hostlessProtocol[relative.protocol]) {","      var relPath = (relative.pathname || '').split('/');","      while (relPath.length && !(relative.host = relPath.shift()));","      if (!relative.host) relative.host = '';","      if (!relative.hostname) relative.hostname = '';","      if (relPath[0] !== '') relPath.unshift('');","      if (relPath.length < 2) relPath.unshift('');","      result.pathname = relPath.join('/');","    } else {","      result.pathname = relative.pathname;","    }","    result.search = relative.search;","    result.query = relative.query;","    result.host = relative.host || '';","    result.auth = relative.auth;","    result.hostname = relative.hostname || relative.host;","    result.port = relative.port;","    // to support http.request","    if (result.pathname || result.search) {","      var p = result.pathname || '';","      var s = result.search || '';","      result.path = p + s;","    }","    result.slashes = result.slashes || relative.slashes;","    result.href = result.format();","    return result;","  }","","  var isSourceAbs = (result.pathname && result.pathname.charAt(0) === '/'),","      isRelAbs = (","          relative.host ||","          relative.pathname && relative.pathname.charAt(0) === '/'","      ),","      mustEndAbs = (isRelAbs || isSourceAbs ||","                    (result.host && relative.pathname)),","      removeAllDots = mustEndAbs,","      srcPath = result.pathname && result.pathname.split('/') || [],","      relPath = relative.pathname && relative.pathname.split('/') || [],","      psychotic = result.protocol && !slashedProtocol[result.protocol];","","  // if the url is a non-slashed url, then relative","  // links like ../.. should be able","  // to crawl up to the hostname, as well.  This is strange.","  // result.protocol has already been set by now.","  // Later on, put the first path part into the host field.","  if (psychotic) {","    result.hostname = '';","    result.port = null;","    if (result.host) {","      if (srcPath[0] === '') srcPath[0] = result.host;","      else srcPath.unshift(result.host);","    }","    result.host = '';","    if (relative.protocol) {","      relative.hostname = null;","      relative.port = null;","      if (relative.host) {","        if (relPath[0] === '') relPath[0] = relative.host;","        else relPath.unshift(relative.host);","      }","      relative.host = null;","    }","    mustEndAbs = mustEndAbs && (relPath[0] === '' || srcPath[0] === '');","  }","","  if (isRelAbs) {","    // it's absolute.","    result.host = (relative.host || relative.host === '') ?","                  relative.host : result.host;","    result.hostname = (relative.hostname || relative.hostname === '') ?","                      relative.hostname : result.hostname;","    result.search = relative.search;","    result.query = relative.query;","    srcPath = relPath;","    // fall through to the dot-handling below.","  } else if (relPath.length) {","    // it's relative","    // throw away the existing file, and take the new path instead.","    if (!srcPath) srcPath = [];","    srcPath.pop();","    srcPath = srcPath.concat(relPath);","    result.search = relative.search;","    result.query = relative.query;","  } else if (!util.isNullOrUndefined(relative.search)) {","    // just pull out the search.","    // like href='?foo'.","    // Put this after the other two cases because it simplifies the booleans","    if (psychotic) {","      result.hostname = result.host = srcPath.shift();","      //occationaly the auth can get stuck only in host","      //this especially happens in cases like","      //url.resolveObject('mailto:local1@domain1', 'local2@domain2')","      var authInHost = result.host && result.host.indexOf('@') > 0 ?","                       result.host.split('@') : false;","      if (authInHost) {","        result.auth = authInHost.shift();","        result.host = result.hostname = authInHost.shift();","      }","    }","    result.search = relative.search;","    result.query = relative.query;","    //to support http.request","    if (!util.isNull(result.pathname) || !util.isNull(result.search)) {","      result.path = (result.pathname ? result.pathname : '') +","                    (result.search ? result.search : '');","    }","    result.href = result.format();","    return result;","  }","","  if (!srcPath.length) {","    // no path at all.  easy.","    // we've already handled the other stuff above.","    result.pathname = null;","    //to support http.request","    if (result.search) {","      result.path = '/' + result.search;","    } else {","      result.path = null;","    }","    result.href = result.format();","    return result;","  }","","  // if a url ENDs in . or .., then it must get a trailing slash.","  // however, if it ends in anything else non-slashy,","  // then it must NOT get a trailing slash.","  var last = srcPath.slice(-1)[0];","  var hasTrailingSlash = (","      (result.host || relative.host || srcPath.length > 1) &&","      (last === '.' || last === '..') || last === '');","","  // strip single dots, resolve double dots to parent dir","  // if the path tries to go above the root, `up` ends up > 0","  var up = 0;","  for (var i = srcPath.length; i >= 0; i--) {","    last = srcPath[i];","    if (last === '.') {","      srcPath.splice(i, 1);","    } else if (last === '..') {","      srcPath.splice(i, 1);","      up++;","    } else if (up) {","      srcPath.splice(i, 1);","      up--;","    }","  }","","  // if the path is allowed to go above the root, restore leading ..s","  if (!mustEndAbs && !removeAllDots) {","    for (; up--; up) {","      srcPath.unshift('..');","    }","  }","","  if (mustEndAbs && srcPath[0] !== '' &&","      (!srcPath[0] || srcPath[0].charAt(0) !== '/')) {","    srcPath.unshift('');","  }","","  if (hasTrailingSlash && (srcPath.join('/').substr(-1) !== '/')) {","    srcPath.push('');","  }","","  var isAbsolute = srcPath[0] === '' ||","      (srcPath[0] && srcPath[0].charAt(0) === '/');","","  // put the host back","  if (psychotic) {","    result.hostname = result.host = isAbsolute ? '' :","                                    srcPath.length ? srcPath.shift() : '';","    //occationaly the auth can get stuck only in host","    //this especially happens in cases like","    //url.resolveObject('mailto:local1@domain1', 'local2@domain2')","    var authInHost = result.host && result.host.indexOf('@') > 0 ?","                     result.host.split('@') : false;","    if (authInHost) {","      result.auth = authInHost.shift();","      result.host = result.hostname = authInHost.shift();","    }","  }","","  mustEndAbs = mustEndAbs || (result.host && srcPath.length);","","  if (mustEndAbs && !isAbsolute) {","    srcPath.unshift('');","  }","","  if (!srcPath.length) {","    result.pathname = null;","    result.path = null;","  } else {","    result.pathname = srcPath.join('/');","  }","","  //to support request.http","  if (!util.isNull(result.pathname) || !util.isNull(result.search)) {","    result.path = (result.pathname ? result.pathname : '') +","                  (result.search ? result.search : '');","  }","  result.auth = relative.auth || result.auth;","  result.slashes = result.slashes || relative.slashes;","  result.href = result.format();","  return result;","};","","Url.prototype.parseHost = function() {","  var host = this.host;","  var port = portPattern.exec(host);","  if (port) {","    port = port[0];","    if (port !== ':') {","      this.port = port.substr(1);","    }","    host = host.substr(0, host.length - port.length);","  }","  if (host) this.hostname = host;","};",""],"l":{"24":1,"25":1,"27":1,"28":1,"29":1,"30":1,"32":1,"34":1,"35":0,"36":0,"37":0,"38":0,"39":0,"40":0,"41":0,"42":0,"43":0,"44":0,"45":0,"46":0,"53":1,"102":1,"103":0,"105":0,"106":0,"107":0,"110":1,"111":0,"112":0,"118":0,"123":0,"124":0,"126":0,"130":0,"132":0,"134":0,"135":0,"136":0,"137":0,"138":0,"139":0,"140":0,"141":0,"142":0,"144":0,"146":0,"147":0,"148":0,"150":0,"154":0,"155":0,"156":0,"157":0,"158":0,"159":0,"166":0,"167":0,"168":0,"169":0,"170":0,"174":0,"193":0,"194":0,"195":0,"196":0,"197":0,"202":0,"203":0,"205":0,"209":0,"214":0,"215":0,"216":0,"217":0,"221":0,"222":0,"223":0,"224":0,"225":0,"228":0,"229":0,"231":0,"232":0,"235":0,"239":0,"243":0,"247":0,"248":0,"249":0,"250":0,"251":0,"252":0,"253":0,"254":0,"255":0,"259":0,"261":0,"265":0,"266":0,"267":0,"268":0,"269":0,"270":0,"271":0,"273":0,"274":0,"276":0,"277":0,"283":0,"284":0,"287":0,"290":0,"295":0,"298":0,"299":0,"300":0,"301":0,"305":0,"306":0,"307":0,"308":0,"315":0,"320":0,"321":0,"322":0,"323":0,"324":0,"325":0,"326":0,"328":0,"334":0,"335":0,"337":0,"338":0,"340":0,"341":0,"342":0,"343":0,"344":0,"345":0,"347":0,"348":0,"350":0,"351":0,"353":0,"354":0,"356":0,"360":0,"361":0,"362":0,"363":0,"367":0,"368":0,"372":1,"377":0,"378":0,"379":0,"382":1,"383":0,"384":0,"385":0,"386":0,"387":0,"390":0,"396":0,"397":0,"398":0,"399":0,"402":0,"403":0,"407":0,"410":0,"413":0,"415":0,"419":0,"421":0,"422":0,"423":0,"424":0,"427":0,"428":0,"430":0,"431":0,"433":0,"435":0,"438":1,"439":0,"442":1,"443":0,"446":1,"447":0,"448":0,"451":1,"452":0,"453":0,"454":0,"455":0,"458":0,"459":0,"460":0,"461":0,"462":0,"467":0,"470":0,"471":0,"472":0,"476":0,"478":0,"479":0,"480":0,"481":0,"482":0,"486":0,"488":0,"491":0,"492":0,"495":0,"504":0,"505":0,"506":0,"507":0,"508":0,"510":0,"511":0,"514":0,"515":0,"516":0,"517":0,"518":0,"519":0,"520":0,"521":0,"522":0,"524":0,"526":0,"527":0,"528":0,"529":0,"530":0,"531":0,"533":0,"534":0,"535":0,"536":0,"538":0,"539":0,"540":0,"543":0,"560":0,"561":0,"562":0,"563":0,"564":0,"565":0,"567":0,"568":0,"569":0,"570":0,"571":0,"572":0,"573":0,"575":0,"577":0,"580":0,"582":0,"584":0,"586":0,"587":0,"588":0,"590":0,"593":0,"594":0,"595":0,"596":0,"597":0,"598":0,"602":0,"603":0,"607":0,"609":0,"610":0,"611":0,"614":0,"615":0,"617":0,"618":0,"621":0,"622":0,"625":0,"628":0,"630":0,"631":0,"633":0,"635":0,"636":0,"642":0,"643":0,"649":0,"650":0,"651":0,"652":0,"653":0,"654":0,"655":0,"656":0,"657":0,"658":0,"659":0,"664":0,"665":0,"666":0,"670":0,"672":0,"675":0,"676":0,"679":0,"683":0,"684":0,"689":0,"691":0,"692":0,"693":0,"697":0,"699":0,"700":0,"703":0,"704":0,"705":0,"707":0,"711":0,"712":0,"715":0,"716":0,"717":0,"718":0,"721":1,"722":0,"723":0,"724":0,"725":0,"726":0,"727":0,"729":0,"731":0}},"/home/travis/build/npmtest/node-npmtest-url/node_modules/url/util.js":{"path":"/home/travis/build/npmtest/node-npmtest-url/node_modules/url/util.js","s":{"1":1,"2":0,"3":0,"4":0,"5":0},"b":{"1":[0,0]},"f":{"1":0,"2":0,"3":0,"4":0},"fnMap":{"1":{"name":"(anonymous_1)","line":4,"loc":{"start":{"line":4,"column":12},"end":{"line":4,"column":26}}},"2":{"name":"(anonymous_2)","line":7,"loc":{"start":{"line":7,"column":12},"end":{"line":7,"column":26}}},"3":{"name":"(anonymous_3)","line":10,"loc":{"start":{"line":10,"column":10},"end":{"line":10,"column":24}}},"4":{"name":"(anonymous_4)","line":13,"loc":{"start":{"line":13,"column":21},"end":{"line":13,"column":35}}}},"statementMap":{"1":{"start":{"line":3,"column":0},"end":{"line":16,"column":2}},"2":{"start":{"line":5,"column":4},"end":{"line":5,"column":36}},"3":{"start":{"line":8,"column":4},"end":{"line":8,"column":52}},"4":{"start":{"line":11,"column":4},"end":{"line":11,"column":24}},"5":{"start":{"line":14,"column":4},"end":{"line":14,"column":23}}},"branchMap":{"1":{"line":8,"type":"binary-expr","locations":[{"start":{"line":8,"column":11},"end":{"line":8,"column":35}},{"start":{"line":8,"column":39},"end":{"line":8,"column":51}}]}},"code":["'use strict';","","module.exports = {","  isString: function(arg) {","    return typeof(arg) === 'string';","  },","  isObject: function(arg) {","    return typeof(arg) === 'object' && arg !== null;","  },","  isNull: function(arg) {","    return arg === null;","  },","  isNullOrUndefined: function(arg) {","    return arg == null;","  }","};",""],"l":{"3":1,"5":0,"8":0,"11":0,"14":0}}}